{"C:\\Users\\USUARIO\\Documents\\GitHub\\BagresApp\\src\\components\\shared\\DeadlineManager\\DeadlineManager.tsx": {"path":"C:\\Users\\USUARIO\\Documents\\GitHub\\BagresApp\\src\\components\\shared\\DeadlineManager\\DeadlineManager.tsx","statementMap":{"0":{"start":{"line":40,"column":63},"end":{"line":168,"column":1}},"1":{"start":{"line":48,"column":46},"end":{"line":48,"column":67}},"2":{"start":{"line":49,"column":48},"end":{"line":49,"column":69}},"3":{"start":{"line":51,"column":19},"end":{"line":51,"column":71}},"4":{"start":{"line":52,"column":20},"end":{"line":52,"column":74}},"5":{"start":{"line":54,"column":27},"end":{"line":62,"column":3}},"6":{"start":{"line":55,"column":4},"end":{"line":57,"column":5}},"7":{"start":{"line":56,"column":6},"end":{"line":56,"column":31}},"8":{"start":{"line":59,"column":4},"end":{"line":61,"column":5}},"9":{"start":{"line":60,"column":6},"end":{"line":60,"column":47}},"10":{"start":{"line":64,"column":28},"end":{"line":72,"column":3}},"11":{"start":{"line":65,"column":4},"end":{"line":67,"column":5}},"12":{"start":{"line":66,"column":6},"end":{"line":66,"column":32}},"13":{"start":{"line":69,"column":4},"end":{"line":71,"column":5}},"14":{"start":{"line":70,"column":6},"end":{"line":70,"column":48}},"15":{"start":{"line":74,"column":25},"end":{"line":85,"column":3}},"16":{"start":{"line":75,"column":4},"end":{"line":75,"column":45}},"17":{"start":{"line":75,"column":21},"end":{"line":75,"column":45}},"18":{"start":{"line":77,"column":17},"end":{"line":77,"column":37}},"19":{"start":{"line":78,"column":16},"end":{"line":78,"column":58}},"20":{"start":{"line":79,"column":18},"end":{"line":79,"column":67}},"21":{"start":{"line":80,"column":17},"end":{"line":80,"column":35}},"22":{"start":{"line":81,"column":18},"end":{"line":81,"column":61}},"23":{"start":{"line":82,"column":20},"end":{"line":82,"column":65}},"24":{"start":{"line":84,"column":4},"end":{"line":84,"column":57}},"25":{"start":{"line":87,"column":2},"end":{"line":167,"column":4}},"26":{"start":{"line":94,"column":25},"end":{"line":94,"column":48}},"27":{"start":{"line":118,"column":25},"end":{"line":118,"column":49}},"28":{"start":{"line":174,"column":15},"end":{"line":233,"column":2}}},"fnMap":{"0":{"name":"(anonymous_0)","decl":{"start":{"line":40,"column":63},"end":{"line":40,"column":64}},"loc":{"start":{"line":47,"column":6},"end":{"line":168,"column":1}},"line":47},"1":{"name":"(anonymous_1)","decl":{"start":{"line":54,"column":27},"end":{"line":54,"column":28}},"loc":{"start":{"line":54,"column":64},"end":{"line":62,"column":3}},"line":54},"2":{"name":"(anonymous_2)","decl":{"start":{"line":64,"column":28},"end":{"line":64,"column":29}},"loc":{"start":{"line":64,"column":65},"end":{"line":72,"column":3}},"line":64},"3":{"name":"(anonymous_3)","decl":{"start":{"line":74,"column":25},"end":{"line":74,"column":26}},"loc":{"start":{"line":74,"column":64},"end":{"line":85,"column":3}},"line":74},"4":{"name":"(anonymous_4)","decl":{"start":{"line":94,"column":19},"end":{"line":94,"column":20}},"loc":{"start":{"line":94,"column":25},"end":{"line":94,"column":48}},"line":94},"5":{"name":"(anonymous_5)","decl":{"start":{"line":118,"column":19},"end":{"line":118,"column":20}},"loc":{"start":{"line":118,"column":25},"end":{"line":118,"column":49}},"line":118}},"branchMap":{"0":{"loc":{"start":{"line":51,"column":19},"end":{"line":51,"column":71}},"type":"cond-expr","locations":[{"start":{"line":51,"column":35},"end":{"line":51,"column":58}},{"start":{"line":51,"column":61},"end":{"line":51,"column":71}}],"line":51},"1":{"loc":{"start":{"line":52,"column":20},"end":{"line":52,"column":74}},"type":"cond-expr","locations":[{"start":{"line":52,"column":37},"end":{"line":52,"column":61}},{"start":{"line":52,"column":64},"end":{"line":52,"column":74}}],"line":52},"2":{"loc":{"start":{"line":55,"column":4},"end":{"line":57,"column":5}},"type":"if","locations":[{"start":{"line":55,"column":4},"end":{"line":57,"column":5}},{"start":{},"end":{}}],"line":55},"3":{"loc":{"start":{"line":59,"column":4},"end":{"line":61,"column":5}},"type":"if","locations":[{"start":{"line":59,"column":4},"end":{"line":61,"column":5}},{"start":{},"end":{}}],"line":59},"4":{"loc":{"start":{"line":65,"column":4},"end":{"line":67,"column":5}},"type":"if","locations":[{"start":{"line":65,"column":4},"end":{"line":67,"column":5}},{"start":{},"end":{}}],"line":65},"5":{"loc":{"start":{"line":69,"column":4},"end":{"line":71,"column":5}},"type":"if","locations":[{"start":{"line":69,"column":4},"end":{"line":71,"column":5}},{"start":{},"end":{}}],"line":69},"6":{"loc":{"start":{"line":75,"column":4},"end":{"line":75,"column":45}},"type":"if","locations":[{"start":{"line":75,"column":4},"end":{"line":75,"column":45}},{"start":{},"end":{}}],"line":75},"7":{"loc":{"start":{"line":93,"column":37},"end":{"line":93,"column":77}},"type":"binary-expr","locations":[{"start":{"line":93,"column":37},"end":{"line":93,"column":51}},{"start":{"line":93,"column":55},"end":{"line":93,"column":77}}],"line":93},"8":{"loc":{"start":{"line":100,"column":19},"end":{"line":100,"column":90}},"type":"cond-expr","locations":[{"start":{"line":100,"column":35},"end":{"line":100,"column":60}},{"start":{"line":100,"column":63},"end":{"line":100,"column":90}}],"line":100},"9":{"loc":{"start":{"line":105,"column":14},"end":{"line":105,"column":52}},"type":"binary-expr","locations":[{"start":{"line":105,"column":14},"end":{"line":105,"column":28}},{"start":{"line":105,"column":32},"end":{"line":105,"column":52}}],"line":105},"10":{"loc":{"start":{"line":117,"column":37},"end":{"line":117,"column":78}},"type":"binary-expr","locations":[{"start":{"line":117,"column":37},"end":{"line":117,"column":52}},{"start":{"line":117,"column":56},"end":{"line":117,"column":78}}],"line":117},"11":{"loc":{"start":{"line":124,"column":19},"end":{"line":124,"column":91}},"type":"cond-expr","locations":[{"start":{"line":124,"column":36},"end":{"line":124,"column":61}},{"start":{"line":124,"column":64},"end":{"line":124,"column":91}}],"line":124},"12":{"loc":{"start":{"line":129,"column":14},"end":{"line":129,"column":53}},"type":"binary-expr","locations":[{"start":{"line":129,"column":14},"end":{"line":129,"column":29}},{"start":{"line":129,"column":33},"end":{"line":129,"column":53}}],"line":129},"13":{"loc":{"start":{"line":138,"column":7},"end":{"line":143,"column":7}},"type":"binary-expr","locations":[{"start":{"line":138,"column":7},"end":{"line":138,"column":12}},{"start":{"line":139,"column":8},"end":{"line":142,"column":15}}],"line":138},"14":{"loc":{"start":{"line":146,"column":7},"end":{"line":154,"column":7}},"type":"binary-expr","locations":[{"start":{"line":146,"column":7},"end":{"line":146,"column":21}},{"start":{"line":147,"column":8},"end":{"line":153,"column":10}}],"line":146},"15":{"loc":{"start":{"line":150,"column":19},"end":{"line":150,"column":64}},"type":"cond-expr","locations":[{"start":{"line":150,"column":43},"end":{"line":150,"column":52}},{"start":{"line":150,"column":55},"end":{"line":150,"column":64}}],"line":150},"16":{"loc":{"start":{"line":156,"column":7},"end":{"line":165,"column":7}},"type":"binary-expr","locations":[{"start":{"line":156,"column":7},"end":{"line":156,"column":22}},{"start":{"line":157,"column":8},"end":{"line":164,"column":10}}],"line":156},"17":{"loc":{"start":{"line":160,"column":19},"end":{"line":160,"column":64}},"type":"cond-expr","locations":[{"start":{"line":160,"column":43},"end":{"line":160,"column":52}},{"start":{"line":160,"column":55},"end":{"line":160,"column":64}}],"line":160},"18":{"loc":{"start":{"line":163,"column":23},"end":{"line":163,"column":74}},"type":"cond-expr","locations":[{"start":{"line":163,"column":39},"end":{"line":163,"column":62}},{"start":{"line":163,"column":65},"end":{"line":163,"column":74}}],"line":163}},"s":{"0":1,"1":2,"2":2,"3":2,"4":2,"5":2,"6":0,"7":0,"8":0,"9":0,"10":2,"11":0,"12":0,"13":0,"14":0,"15":2,"16":4,"17":4,"18":0,"19":0,"20":0,"21":0,"22":0,"23":0,"24":0,"25":2,"26":0,"27":0,"28":1},"f":{"0":2,"1":0,"2":0,"3":4,"4":0,"5":0},"b":{"0":[0,2],"1":[0,2],"2":[0,0],"3":[0,0],"4":[0,0],"5":[0,0],"6":[4,0],"7":[2,2],"8":[0,2],"9":[2,2],"10":[2,2],"11":[0,2],"12":[2,2],"13":[2,1],"14":[2,0],"15":[0,0],"16":[2,0],"17":[0,0],"18":[0,0]},"_coverageSchema":"1a1c01bbd47fc00a2c39e90264f33305004495a9","hash":"8bc8e165ab7ec32ca77a80be5aebc221836bd0c1"}
,"C:\\Users\\USUARIO\\Documents\\GitHub\\BagresApp\\src\\components\\shared\\DeadlineManager\\index.ts": {"path":"C:\\Users\\USUARIO\\Documents\\GitHub\\BagresApp\\src\\components\\shared\\DeadlineManager\\index.ts","statementMap":{},"fnMap":{},"branchMap":{},"s":{},"f":{},"b":{}}
,"C:\\Users\\USUARIO\\Documents\\GitHub\\BagresApp\\src\\components\\shared\\QuestionCard\\QuestionCard.tsx": {"path":"C:\\Users\\USUARIO\\Documents\\GitHub\\BagresApp\\src\\components\\shared\\QuestionCard\\QuestionCard.tsx","statementMap":{"0":{"start":{"line":66,"column":57},"end":{"line":267,"column":1}},"1":{"start":{"line":81,"column":22},"end":{"line":81,"column":112}},"2":{"start":{"line":83,"column":2},"end":{"line":266,"column":4}},"3":{"start":{"line":100,"column":33},"end":{"line":100,"column":48}},"4":{"start":{"line":107,"column":33},"end":{"line":107,"column":50}},"5":{"start":{"line":117,"column":31},"end":{"line":117,"column":52}},"6":{"start":{"line":133,"column":32},"end":{"line":133,"column":71}},"7":{"start":{"line":155,"column":36},"end":{"line":155,"column":75}},"8":{"start":{"line":174,"column":29},"end":{"line":174,"column":48}},"9":{"start":{"line":175,"column":14},"end":{"line":175,"column":50}},"10":{"start":{"line":193,"column":31},"end":{"line":193,"column":55}},"11":{"start":{"line":207,"column":16},"end":{"line":251,"column":23}},"12":{"start":{"line":212,"column":39},"end":{"line":212,"column":65}},"13":{"start":{"line":234,"column":48},"end":{"line":234,"column":83}},"14":{"start":{"line":245,"column":37},"end":{"line":245,"column":62}},"15":{"start":{"line":273,"column":15},"end":{"line":457,"column":2}}},"fnMap":{"0":{"name":"(anonymous_0)","decl":{"start":{"line":66,"column":57},"end":{"line":66,"column":58}},"loc":{"start":{"line":80,"column":6},"end":{"line":267,"column":1}},"line":80},"1":{"name":"(anonymous_1)","decl":{"start":{"line":100,"column":27},"end":{"line":100,"column":28}},"loc":{"start":{"line":100,"column":33},"end":{"line":100,"column":48}},"line":100},"2":{"name":"(anonymous_2)","decl":{"start":{"line":107,"column":27},"end":{"line":107,"column":28}},"loc":{"start":{"line":107,"column":33},"end":{"line":107,"column":50}},"line":107},"3":{"name":"(anonymous_3)","decl":{"start":{"line":117,"column":25},"end":{"line":117,"column":26}},"loc":{"start":{"line":117,"column":31},"end":{"line":117,"column":52}},"line":117},"4":{"name":"(anonymous_4)","decl":{"start":{"line":133,"column":22},"end":{"line":133,"column":23}},"loc":{"start":{"line":133,"column":32},"end":{"line":133,"column":71}},"line":133},"5":{"name":"(anonymous_5)","decl":{"start":{"line":155,"column":26},"end":{"line":155,"column":27}},"loc":{"start":{"line":155,"column":36},"end":{"line":155,"column":75}},"line":155},"6":{"name":"(anonymous_6)","decl":{"start":{"line":173,"column":26},"end":{"line":173,"column":27}},"loc":{"start":{"line":173,"column":36},"end":{"line":176,"column":13}},"line":173},"7":{"name":"(anonymous_7)","decl":{"start":{"line":193,"column":25},"end":{"line":193,"column":26}},"loc":{"start":{"line":193,"column":31},"end":{"line":193,"column":55}},"line":193},"8":{"name":"(anonymous_8)","decl":{"start":{"line":206,"column":36},"end":{"line":206,"column":37}},"loc":{"start":{"line":207,"column":16},"end":{"line":251,"column":23}},"line":207},"9":{"name":"(anonymous_9)","decl":{"start":{"line":212,"column":33},"end":{"line":212,"column":34}},"loc":{"start":{"line":212,"column":39},"end":{"line":212,"column":65}},"line":212},"10":{"name":"(anonymous_10)","decl":{"start":{"line":234,"column":38},"end":{"line":234,"column":39}},"loc":{"start":{"line":234,"column":48},"end":{"line":234,"column":83}},"line":234},"11":{"name":"(anonymous_11)","decl":{"start":{"line":245,"column":31},"end":{"line":245,"column":32}},"loc":{"start":{"line":245,"column":37},"end":{"line":245,"column":62}},"line":245}},"branchMap":{"0":{"loc":{"start":{"line":79,"column":2},"end":{"line":79,"column":27}},"type":"default-arg","locations":[{"start":{"line":79,"column":23},"end":{"line":79,"column":27}}],"line":79},"1":{"loc":{"start":{"line":81,"column":22},"end":{"line":81,"column":112}},"type":"binary-expr","locations":[{"start":{"line":81,"column":22},"end":{"line":81,"column":64}},{"start":{"line":81,"column":68},"end":{"line":81,"column":112}}],"line":81},"2":{"loc":{"start":{"line":94,"column":9},"end":{"line":124,"column":9}},"type":"binary-expr","locations":[{"start":{"line":94,"column":9},"end":{"line":94,"column":17}},{"start":{"line":95,"column":10},"end":{"line":123,"column":17}}],"line":94},"3":{"loc":{"start":{"line":96,"column":13},"end":{"line":113,"column":13}},"type":"binary-expr","locations":[{"start":{"line":96,"column":13},"end":{"line":96,"column":31}},{"start":{"line":96,"column":35},"end":{"line":96,"column":44}},{"start":{"line":97,"column":14},"end":{"line":112,"column":17}}],"line":96},"4":{"loc":{"start":{"line":114,"column":13},"end":{"line":122,"column":13}},"type":"binary-expr","locations":[{"start":{"line":114,"column":13},"end":{"line":114,"column":21}},{"start":{"line":115,"column":14},"end":{"line":121,"column":33}}],"line":114},"5":{"loc":{"start":{"line":128,"column":7},"end":{"line":145,"column":7}},"type":"cond-expr","locations":[{"start":{"line":129,"column":8},"end":{"line":135,"column":15}},{"start":{"line":137,"column":8},"end":{"line":144,"column":15}}],"line":128},"6":{"loc":{"start":{"line":128,"column":7},"end":{"line":128,"column":39}},"type":"binary-expr","locations":[{"start":{"line":128,"column":7},"end":{"line":128,"column":15}},{"start":{"line":128,"column":19},"end":{"line":128,"column":39}}],"line":128},"7":{"loc":{"start":{"line":140,"column":13},"end":{"line":140,"column":77}},"type":"binary-expr","locations":[{"start":{"line":140,"column":13},"end":{"line":140,"column":55}},{"start":{"line":140,"column":59},"end":{"line":140,"column":77}}],"line":140},"8":{"loc":{"start":{"line":141,"column":13},"end":{"line":141,"column":81}},"type":"binary-expr","locations":[{"start":{"line":141,"column":13},"end":{"line":141,"column":57}},{"start":{"line":141,"column":61},"end":{"line":141,"column":81}}],"line":141},"9":{"loc":{"start":{"line":142,"column":13},"end":{"line":142,"column":75}},"type":"binary-expr","locations":[{"start":{"line":142,"column":13},"end":{"line":142,"column":52}},{"start":{"line":142,"column":56},"end":{"line":142,"column":75}}],"line":142},"10":{"loc":{"start":{"line":150,"column":9},"end":{"line":162,"column":9}},"type":"cond-expr","locations":[{"start":{"line":151,"column":10},"end":{"line":159,"column":12}},{"start":{"line":161,"column":10},"end":{"line":161,"column":75}}],"line":150},"11":{"loc":{"start":{"line":150,"column":9},"end":{"line":150,"column":41}},"type":"binary-expr","locations":[{"start":{"line":150,"column":9},"end":{"line":150,"column":17}},{"start":{"line":150,"column":21},"end":{"line":150,"column":41}}],"line":150},"12":{"loc":{"start":{"line":168,"column":9},"end":{"line":182,"column":9}},"type":"cond-expr","locations":[{"start":{"line":169,"column":10},"end":{"line":179,"column":12}},{"start":{"line":181,"column":10},"end":{"line":181,"column":68}}],"line":168},"13":{"loc":{"start":{"line":168,"column":9},"end":{"line":168,"column":35}},"type":"binary-expr","locations":[{"start":{"line":168,"column":9},"end":{"line":168,"column":17}},{"start":{"line":168,"column":21},"end":{"line":168,"column":35}}],"line":168},"14":{"loc":{"start":{"line":174,"column":29},"end":{"line":174,"column":48}},"type":"binary-expr","locations":[{"start":{"line":174,"column":29},"end":{"line":174,"column":43}},{"start":{"line":174,"column":47},"end":{"line":174,"column":48}}],"line":174},"15":{"loc":{"start":{"line":186,"column":7},"end":{"line":256,"column":7}},"type":"binary-expr","locations":[{"start":{"line":186,"column":7},"end":{"line":186,"column":18}},{"start":{"line":187,"column":8},"end":{"line":255,"column":15}}],"line":186},"16":{"loc":{"start":{"line":190,"column":13},"end":{"line":199,"column":13}},"type":"binary-expr","locations":[{"start":{"line":190,"column":13},"end":{"line":190,"column":21}},{"start":{"line":190,"column":25},"end":{"line":190,"column":36}},{"start":{"line":191,"column":14},"end":{"line":198,"column":33}}],"line":190},"17":{"loc":{"start":{"line":202,"column":11},"end":{"line":254,"column":11}},"type":"cond-expr","locations":[{"start":{"line":203,"column":12},"end":{"line":203,"column":94}},{"start":{"line":205,"column":12},"end":{"line":253,"column":19}}],"line":202},"18":{"loc":{"start":{"line":209,"column":21},"end":{"line":227,"column":21}},"type":"cond-expr","locations":[{"start":{"line":210,"column":22},"end":{"line":220,"column":41}},{"start":{"line":222,"column":22},"end":{"line":226,"column":24}}],"line":209},"19":{"loc":{"start":{"line":209,"column":21},"end":{"line":209,"column":48}},"type":"binary-expr","locations":[{"start":{"line":209,"column":21},"end":{"line":209,"column":29}},{"start":{"line":209,"column":33},"end":{"line":209,"column":48}}],"line":209},"20":{"loc":{"start":{"line":216,"column":32},"end":{"line":216,"column":90}},"type":"cond-expr","locations":[{"start":{"line":216,"column":52},"end":{"line":216,"column":70}},{"start":{"line":216,"column":73},"end":{"line":216,"column":90}}],"line":216},"21":{"loc":{"start":{"line":218,"column":33},"end":{"line":218,"column":105}},"type":"cond-expr","locations":[{"start":{"line":218,"column":53},"end":{"line":218,"column":78}},{"start":{"line":218,"column":81},"end":{"line":218,"column":105}}],"line":218},"22":{"loc":{"start":{"line":223,"column":30},"end":{"line":223,"column":88}},"type":"cond-expr","locations":[{"start":{"line":223,"column":50},"end":{"line":223,"column":68}},{"start":{"line":223,"column":71},"end":{"line":223,"column":88}}],"line":223},"23":{"loc":{"start":{"line":225,"column":31},"end":{"line":225,"column":103}},"type":"cond-expr","locations":[{"start":{"line":225,"column":51},"end":{"line":225,"column":76}},{"start":{"line":225,"column":79},"end":{"line":225,"column":103}}],"line":225},"24":{"loc":{"start":{"line":229,"column":21},"end":{"line":239,"column":21}},"type":"cond-expr","locations":[{"start":{"line":230,"column":22},"end":{"line":236,"column":24}},{"start":{"line":238,"column":22},"end":{"line":238,"column":81}}],"line":229},"25":{"loc":{"start":{"line":229,"column":21},"end":{"line":229,"column":51}},"type":"binary-expr","locations":[{"start":{"line":229,"column":21},"end":{"line":229,"column":29}},{"start":{"line":229,"column":33},"end":{"line":229,"column":51}}],"line":229},"26":{"loc":{"start":{"line":242,"column":19},"end":{"line":250,"column":19}},"type":"binary-expr","locations":[{"start":{"line":242,"column":19},"end":{"line":242,"column":27}},{"start":{"line":242,"column":31},"end":{"line":242,"column":45}},{"start":{"line":243,"column":20},"end":{"line":249,"column":39}}],"line":242},"27":{"loc":{"start":{"line":259,"column":7},"end":{"line":264,"column":7}},"type":"binary-expr","locations":[{"start":{"line":259,"column":7},"end":{"line":259,"column":46}},{"start":{"line":259,"column":50},"end":{"line":259,"column":59}},{"start":{"line":260,"column":8},"end":{"line":263,"column":15}}],"line":259}},"s":{"0":1,"1":5,"2":5,"3":0,"4":0,"5":0,"6":0,"7":0,"8":0,"9":0,"10":0,"11":6,"12":0,"13":0,"14":0,"15":1},"f":{"0":5,"1":0,"2":0,"3":0,"4":0,"5":0,"6":0,"7":0,"8":6,"9":0,"10":0,"11":0},"b":{"0":[5],"1":[5,2],"2":[5,1],"3":[1,1,0],"4":[1,0],"5":[0,5],"6":[5,1],"7":[5,3],"8":[5,1],"9":[5,1],"10":[0,5],"11":[5,1],"12":[0,5],"13":[5,1],"14":[0,0],"15":[5,4],"16":[4,1,0],"17":[1,3],"18":[0,6],"19":[6,0],"20":[0,0],"21":[0,0],"22":[3,3],"23":[3,3],"24":[0,6],"25":[6,0],"26":[6,0,0],"27":[5,1,1]},"_coverageSchema":"1a1c01bbd47fc00a2c39e90264f33305004495a9","hash":"2154e3a62238f6b8ee33f559e3eaa34867830932"}
,"C:\\Users\\USUARIO\\Documents\\GitHub\\BagresApp\\src\\components\\shared\\QuestionCard\\index.ts": {"path":"C:\\Users\\USUARIO\\Documents\\GitHub\\BagresApp\\src\\components\\shared\\QuestionCard\\index.ts","statementMap":{},"fnMap":{},"branchMap":{},"s":{},"f":{},"b":{}}
,"C:\\Users\\USUARIO\\Documents\\GitHub\\BagresApp\\src\\components\\shared\\QuestionTypeSelector\\QuestionTypeSelector.tsx": {"path":"C:\\Users\\USUARIO\\Documents\\GitHub\\BagresApp\\src\\components\\shared\\QuestionTypeSelector\\QuestionTypeSelector.tsx","statementMap":{"0":{"start":{"line":37,"column":59},"end":{"line":41,"column":1}},"1":{"start":{"line":43,"column":39},"end":{"line":43,"column":89}},"2":{"start":{"line":49,"column":73},"end":{"line":82,"column":1}},"3":{"start":{"line":55,"column":2},"end":{"line":81,"column":4}},"4":{"start":{"line":58,"column":8},"end":{"line":78,"column":27}},"5":{"start":{"line":65,"column":25},"end":{"line":65,"column":52}},"6":{"start":{"line":88,"column":15},"end":{"line":134,"column":2}}},"fnMap":{"0":{"name":"(anonymous_0)","decl":{"start":{"line":49,"column":73},"end":{"line":49,"column":74}},"loc":{"start":{"line":54,"column":6},"end":{"line":82,"column":1}},"line":54},"1":{"name":"(anonymous_1)","decl":{"start":{"line":57,"column":26},"end":{"line":57,"column":27}},"loc":{"start":{"line":58,"column":8},"end":{"line":78,"column":27}},"line":58},"2":{"name":"(anonymous_2)","decl":{"start":{"line":65,"column":19},"end":{"line":65,"column":20}},"loc":{"start":{"line":65,"column":25},"end":{"line":65,"column":52}},"line":65}},"branchMap":{"0":{"loc":{"start":{"line":52,"column":2},"end":{"line":52,"column":18}},"type":"default-arg","locations":[{"start":{"line":52,"column":13},"end":{"line":52,"column":18}}],"line":52},"1":{"loc":{"start":{"line":62,"column":12},"end":{"line":62,"column":49}},"type":"binary-expr","locations":[{"start":{"line":62,"column":12},"end":{"line":62,"column":26}},{"start":{"line":62,"column":30},"end":{"line":62,"column":49}}],"line":62},"2":{"loc":{"start":{"line":63,"column":12},"end":{"line":63,"column":45}},"type":"binary-expr","locations":[{"start":{"line":63,"column":12},"end":{"line":63,"column":20}},{"start":{"line":63,"column":24},"end":{"line":63,"column":45}}],"line":63},"3":{"loc":{"start":{"line":65,"column":25},"end":{"line":65,"column":52}},"type":"binary-expr","locations":[{"start":{"line":65,"column":25},"end":{"line":65,"column":34}},{"start":{"line":65,"column":38},"end":{"line":65,"column":52}}],"line":65},"4":{"loc":{"start":{"line":72,"column":14},"end":{"line":72,"column":55}},"type":"binary-expr","locations":[{"start":{"line":72,"column":14},"end":{"line":72,"column":28}},{"start":{"line":72,"column":32},"end":{"line":72,"column":55}}],"line":72},"5":{"loc":{"start":{"line":73,"column":14},"end":{"line":73,"column":51}},"type":"binary-expr","locations":[{"start":{"line":73,"column":14},"end":{"line":73,"column":22}},{"start":{"line":73,"column":26},"end":{"line":73,"column":51}}],"line":73}},"s":{"0":2,"1":2,"2":2,"3":5,"4":15,"5":1,"6":2},"f":{"0":5,"1":15,"2":1},"b":{"0":[0],"1":[15,5],"2":[15,3],"3":[1,1],"4":[15,5],"5":[15,3]},"_coverageSchema":"1a1c01bbd47fc00a2c39e90264f33305004495a9","hash":"f8b2a48e0770f40d7c7ba339409013aaf410edd3"}
,"C:\\Users\\USUARIO\\Documents\\GitHub\\BagresApp\\src\\components\\shared\\QuestionTypeSelector\\index.ts": {"path":"C:\\Users\\USUARIO\\Documents\\GitHub\\BagresApp\\src\\components\\shared\\QuestionTypeSelector\\index.ts","statementMap":{},"fnMap":{},"branchMap":{},"s":{},"f":{},"b":{},"_coverageSchema":"1a1c01bbd47fc00a2c39e90264f33305004495a9","hash":"a2602a22c7ebf65327ad2854f743e217b2e3532c"}
,"C:\\Users\\USUARIO\\Documents\\GitHub\\BagresApp\\src\\screens\\teacher\\QuizEditorScreen.tsx": {"path":"C:\\Users\\USUARIO\\Documents\\GitHub\\BagresApp\\src\\screens\\teacher\\QuizEditorScreen.tsx","statementMap":{"0":{"start":{"line":56,"column":2},"end":{"line":106,"column":3}},"1":{"start":{"line":58,"column":6},"end":{"line":58,"column":28}},"2":{"start":{"line":61,"column":6},"end":{"line":61,"column":40}},"3":{"start":{"line":64,"column":6},"end":{"line":68,"column":8}},"4":{"start":{"line":65,"column":8},"end":{"line":67,"column":13}},"5":{"start":{"line":71,"column":6},"end":{"line":71,"column":56}},"6":{"start":{"line":71,"column":31},"end":{"line":71,"column":54}},"7":{"start":{"line":74,"column":6},"end":{"line":74,"column":28}},"8":{"start":{"line":77,"column":6},"end":{"line":81,"column":8}},"9":{"start":{"line":78,"column":8},"end":{"line":80,"column":13}},"10":{"start":{"line":84,"column":6},"end":{"line":95,"column":8}},"11":{"start":{"line":85,"column":8},"end":{"line":94,"column":13}},"12":{"start":{"line":89,"column":16},"end":{"line":91,"column":23}},"13":{"start":{"line":98,"column":6},"end":{"line":102,"column":8}},"14":{"start":{"line":99,"column":8},"end":{"line":101,"column":13}},"15":{"start":{"line":100,"column":53},"end":{"line":100,"column":87}},"16":{"start":{"line":105,"column":6},"end":{"line":105,"column":19}},"17":{"start":{"line":114,"column":32},"end":{"line":114,"column":44}},"18":{"start":{"line":116,"column":26},"end":{"line":116,"column":53}},"19":{"start":{"line":117,"column":32},"end":{"line":117,"column":63}},"20":{"start":{"line":118,"column":32},"end":{"line":118,"column":46}},"21":{"start":{"line":119,"column":30},"end":{"line":119,"column":45}},"22":{"start":{"line":120,"column":28},"end":{"line":120,"column":58}},"23":{"start":{"line":126,"column":2},"end":{"line":128,"column":15}},"24":{"start":{"line":127,"column":4},"end":{"line":127,"column":28}},"25":{"start":{"line":130,"column":32},"end":{"line":145,"column":3}},"26":{"start":{"line":131,"column":4},"end":{"line":144,"column":5}},"27":{"start":{"line":132,"column":6},"end":{"line":132,"column":23}},"28":{"start":{"line":133,"column":6},"end":{"line":133,"column":26}},"29":{"start":{"line":135,"column":19},"end":{"line":135,"column":53}},"30":{"start":{"line":136,"column":6},"end":{"line":136,"column":20}},"31":{"start":{"line":137,"column":6},"end":{"line":137,"column":67}},"32":{"start":{"line":139,"column":27},"end":{"line":139,"column":97}},"33":{"start":{"line":140,"column":6},"end":{"line":140,"column":29}},"34":{"start":{"line":141,"column":6},"end":{"line":141,"column":41}},"35":{"start":{"line":143,"column":6},"end":{"line":143,"column":24}},"36":{"start":{"line":151,"column":28},"end":{"line":171,"column":3}},"37":{"start":{"line":152,"column":4},"end":{"line":170,"column":5}},"38":{"start":{"line":153,"column":28},"end":{"line":153,"column":44}},"39":{"start":{"line":155,"column":26},"end":{"line":161,"column":8}},"40":{"start":{"line":163,"column":6},"end":{"line":166,"column":9}},"41":{"start":{"line":168,"column":27},"end":{"line":168,"column":91}},"42":{"start":{"line":169,"column":6},"end":{"line":169,"column":41}},"43":{"start":{"line":177,"column":31},"end":{"line":198,"column":3}},"44":{"start":{"line":178,"column":4},"end":{"line":197,"column":6}},"45":{"start":{"line":187,"column":12},"end":{"line":193,"column":13}},"46":{"start":{"line":188,"column":14},"end":{"line":188,"column":47}},"47":{"start":{"line":189,"column":14},"end":{"line":189,"column":73}},"48":{"start":{"line":191,"column":35},"end":{"line":191,"column":100}},"49":{"start":{"line":192,"column":14},"end":{"line":192,"column":49}},"50":{"start":{"line":200,"column":35},"end":{"line":210,"column":3}},"51":{"start":{"line":201,"column":4},"end":{"line":209,"column":5}},"52":{"start":{"line":202,"column":6},"end":{"line":202,"column":64}},"53":{"start":{"line":203,"column":6},"end":{"line":206,"column":9}},"54":{"start":{"line":208,"column":6},"end":{"line":208,"column":58}},"55":{"start":{"line":212,"column":35},"end":{"line":225,"column":3}},"56":{"start":{"line":216,"column":4},"end":{"line":224,"column":5}},"57":{"start":{"line":217,"column":6},"end":{"line":217,"column":64}},"58":{"start":{"line":218,"column":6},"end":{"line":221,"column":9}},"59":{"start":{"line":223,"column":6},"end":{"line":223,"column":58}},"60":{"start":{"line":227,"column":29},"end":{"line":237,"column":3}},"61":{"start":{"line":228,"column":4},"end":{"line":236,"column":5}},"62":{"start":{"line":229,"column":6},"end":{"line":229,"column":51}},"63":{"start":{"line":230,"column":6},"end":{"line":233,"column":9}},"64":{"start":{"line":235,"column":6},"end":{"line":235,"column":51}},"65":{"start":{"line":243,"column":24},"end":{"line":273,"column":3}},"66":{"start":{"line":244,"column":25},"end":{"line":244,"column":70}},"67":{"start":{"line":244,"column":50},"end":{"line":244,"column":69}},"68":{"start":{"line":245,"column":4},"end":{"line":245,"column":36}},"69":{"start":{"line":245,"column":29},"end":{"line":245,"column":36}},"70":{"start":{"line":247,"column":21},"end":{"line":247,"column":77}},"71":{"start":{"line":248,"column":4},"end":{"line":248,"column":61}},"72":{"start":{"line":248,"column":54},"end":{"line":248,"column":61}},"73":{"start":{"line":251,"column":25},"end":{"line":251,"column":39}},"74":{"start":{"line":252,"column":4},"end":{"line":253,"column":59}},"75":{"start":{"line":256,"column":20},"end":{"line":259,"column":7}},"76":{"start":{"line":256,"column":52},"end":{"line":259,"column":5}},"77":{"start":{"line":261,"column":4},"end":{"line":261,"column":62}},"78":{"start":{"line":263,"column":4},"end":{"line":272,"column":5}},"79":{"start":{"line":264,"column":6},"end":{"line":266,"column":8}},"80":{"start":{"line":265,"column":26},"end":{"line":265,"column":66}},"81":{"start":{"line":268,"column":27},"end":{"line":268,"column":94}},"82":{"start":{"line":269,"column":6},"end":{"line":269,"column":41}},"83":{"start":{"line":271,"column":6},"end":{"line":271,"column":62}},"84":{"start":{"line":279,"column":26},"end":{"line":301,"column":3}},"85":{"start":{"line":280,"column":4},"end":{"line":300,"column":5}},"86":{"start":{"line":281,"column":23},"end":{"line":281,"column":63}},"87":{"start":{"line":281,"column":43},"end":{"line":281,"column":62}},"88":{"start":{"line":282,"column":6},"end":{"line":282,"column":28}},"89":{"start":{"line":282,"column":21},"end":{"line":282,"column":28}},"90":{"start":{"line":284,"column":28},"end":{"line":284,"column":51}},"91":{"start":{"line":286,"column":24},"end":{"line":291,"column":8}},"92":{"start":{"line":293,"column":6},"end":{"line":296,"column":9}},"93":{"start":{"line":298,"column":27},"end":{"line":298,"column":89}},"94":{"start":{"line":299,"column":6},"end":{"line":299,"column":41}},"95":{"start":{"line":303,"column":29},"end":{"line":318,"column":3}},"96":{"start":{"line":304,"column":4},"end":{"line":317,"column":5}},"97":{"start":{"line":306,"column":23},"end":{"line":306,"column":86}},"98":{"start":{"line":306,"column":43},"end":{"line":306,"column":85}},"99":{"start":{"line":306,"column":65},"end":{"line":306,"column":84}},"100":{"start":{"line":307,"column":6},"end":{"line":307,"column":28}},"101":{"start":{"line":307,"column":21},"end":{"line":307,"column":28}},"102":{"start":{"line":309,"column":6},"end":{"line":309,"column":35}},"103":{"start":{"line":310,"column":6},"end":{"line":313,"column":9}},"104":{"start":{"line":315,"column":27},"end":{"line":315,"column":90}},"105":{"start":{"line":316,"column":6},"end":{"line":316,"column":41}},"106":{"start":{"line":320,"column":30},"end":{"line":363,"column":3}},"107":{"start":{"line":321,"column":4},"end":{"line":362,"column":5}},"108":{"start":{"line":323,"column":23},"end":{"line":323,"column":86}},"109":{"start":{"line":323,"column":43},"end":{"line":323,"column":85}},"110":{"start":{"line":323,"column":65},"end":{"line":323,"column":84}},"111":{"start":{"line":324,"column":6},"end":{"line":324,"column":28}},"112":{"start":{"line":324,"column":21},"end":{"line":324,"column":28}},"113":{"start":{"line":326,"column":21},"end":{"line":326,"column":70}},"114":{"start":{"line":326,"column":50},"end":{"line":326,"column":69}},"115":{"start":{"line":327,"column":6},"end":{"line":327,"column":26}},"116":{"start":{"line":327,"column":19},"end":{"line":327,"column":26}},"117":{"start":{"line":329,"column":27},"end":{"line":329,"column":45}},"118":{"start":{"line":332,"column":6},"end":{"line":347,"column":7}},"119":{"start":{"line":334,"column":8},"end":{"line":346,"column":9}},"120":{"start":{"line":335,"column":10},"end":{"line":345,"column":11}},"121":{"start":{"line":336,"column":12},"end":{"line":336,"column":62}},"122":{"start":{"line":337,"column":12},"end":{"line":344,"column":15}},"123":{"start":{"line":350,"column":6},"end":{"line":350,"column":65}},"124":{"start":{"line":351,"column":6},"end":{"line":358,"column":9}},"125":{"start":{"line":360,"column":27},"end":{"line":360,"column":92}},"126":{"start":{"line":361,"column":6},"end":{"line":361,"column":41}},"127":{"start":{"line":365,"column":33},"end":{"line":382,"column":3}},"128":{"start":{"line":366,"column":4},"end":{"line":381,"column":5}},"129":{"start":{"line":367,"column":23},"end":{"line":367,"column":86}},"130":{"start":{"line":367,"column":43},"end":{"line":367,"column":85}},"131":{"start":{"line":367,"column":65},"end":{"line":367,"column":84}},"132":{"start":{"line":368,"column":6},"end":{"line":368,"column":28}},"133":{"start":{"line":368,"column":21},"end":{"line":368,"column":28}},"134":{"start":{"line":370,"column":6},"end":{"line":370,"column":58}},"135":{"start":{"line":371,"column":6},"end":{"line":378,"column":9}},"136":{"start":{"line":380,"column":6},"end":{"line":380,"column":56}},"137":{"start":{"line":388,"column":28},"end":{"line":440,"column":3}},"138":{"start":{"line":389,"column":29},"end":{"line":389,"column":31}},"139":{"start":{"line":391,"column":4},"end":{"line":394,"column":5}},"140":{"start":{"line":392,"column":6},"end":{"line":392,"column":57}},"141":{"start":{"line":393,"column":6},"end":{"line":393,"column":38}},"142":{"start":{"line":396,"column":4},"end":{"line":437,"column":7}},"143":{"start":{"line":397,"column":26},"end":{"line":397,"column":35}},"144":{"start":{"line":400,"column":6},"end":{"line":402,"column":7}},"145":{"start":{"line":401,"column":8},"end":{"line":401,"column":85}},"146":{"start":{"line":405,"column":6},"end":{"line":407,"column":7}},"147":{"start":{"line":406,"column":8},"end":{"line":406,"column":81}},"148":{"start":{"line":410,"column":6},"end":{"line":431,"column":7}},"149":{"start":{"line":411,"column":8},"end":{"line":413,"column":9}},"150":{"start":{"line":412,"column":10},"end":{"line":412,"column":81}},"151":{"start":{"line":415,"column":29},"end":{"line":415,"column":82}},"152":{"start":{"line":415,"column":60},"end":{"line":415,"column":74}},"153":{"start":{"line":417,"column":8},"end":{"line":419,"column":9}},"154":{"start":{"line":418,"column":10},"end":{"line":418,"column":96}},"155":{"start":{"line":421,"column":8},"end":{"line":423,"column":9}},"156":{"start":{"line":422,"column":10},"end":{"line":422,"column":93}},"157":{"start":{"line":426,"column":8},"end":{"line":430,"column":11}},"158":{"start":{"line":427,"column":10},"end":{"line":429,"column":11}},"159":{"start":{"line":428,"column":12},"end":{"line":428,"column":98}},"160":{"start":{"line":434,"column":6},"end":{"line":436,"column":7}},"161":{"start":{"line":435,"column":8},"end":{"line":435,"column":95}},"162":{"start":{"line":439,"column":4},"end":{"line":439,"column":50}},"163":{"start":{"line":446,"column":21},"end":{"line":478,"column":3}},"164":{"start":{"line":447,"column":23},"end":{"line":447,"column":42}},"165":{"start":{"line":449,"column":4},"end":{"line":456,"column":5}},"166":{"start":{"line":450,"column":6},"end":{"line":454,"column":8}},"167":{"start":{"line":455,"column":6},"end":{"line":455,"column":13}},"168":{"start":{"line":458,"column":4},"end":{"line":458,"column":20}},"169":{"start":{"line":459,"column":4},"end":{"line":477,"column":5}},"170":{"start":{"line":462,"column":6},"end":{"line":471,"column":8}},"171":{"start":{"line":468,"column":27},"end":{"line":468,"column":46}},"172":{"start":{"line":473,"column":27},"end":{"line":473,"column":82}},"173":{"start":{"line":474,"column":6},"end":{"line":474,"column":41}},"174":{"start":{"line":476,"column":6},"end":{"line":476,"column":23}},"175":{"start":{"line":484,"column":2},"end":{"line":493,"column":3}},"176":{"start":{"line":485,"column":4},"end":{"line":492,"column":6}},"177":{"start":{"line":495,"column":2},"end":{"line":512,"column":3}},"178":{"start":{"line":496,"column":4},"end":{"line":511,"column":6}},"179":{"start":{"line":504,"column":27},"end":{"line":504,"column":46}},"180":{"start":{"line":514,"column":2},"end":{"line":598,"column":4}},"181":{"start":{"line":545,"column":14},"end":{"line":559,"column":16}},"182":{"start":{"line":550,"column":42},"end":{"line":550,"column":79}},"183":{"start":{"line":590,"column":25},"end":{"line":590,"column":44}},"184":{"start":{"line":605,"column":15},"end":{"line":727,"column":2}}},"fnMap":{"0":{"name":"questionReducer","decl":{"start":{"line":52,"column":9},"end":{"line":52,"column":24}},"loc":{"start":{"line":55,"column":25},"end":{"line":107,"column":1}},"line":55},"1":{"name":"(anonymous_1)","decl":{"start":{"line":64,"column":23},"end":{"line":64,"column":24}},"loc":{"start":{"line":65,"column":8},"end":{"line":67,"column":13}},"line":65},"2":{"name":"(anonymous_2)","decl":{"start":{"line":71,"column":26},"end":{"line":71,"column":27}},"loc":{"start":{"line":71,"column":31},"end":{"line":71,"column":54}},"line":71},"3":{"name":"(anonymous_3)","decl":{"start":{"line":77,"column":23},"end":{"line":77,"column":24}},"loc":{"start":{"line":78,"column":8},"end":{"line":80,"column":13}},"line":78},"4":{"name":"(anonymous_4)","decl":{"start":{"line":84,"column":23},"end":{"line":84,"column":24}},"loc":{"start":{"line":85,"column":8},"end":{"line":94,"column":13}},"line":85},"5":{"name":"(anonymous_5)","decl":{"start":{"line":88,"column":37},"end":{"line":88,"column":38}},"loc":{"start":{"line":89,"column":16},"end":{"line":91,"column":23}},"line":89},"6":{"name":"(anonymous_6)","decl":{"start":{"line":98,"column":23},"end":{"line":98,"column":24}},"loc":{"start":{"line":99,"column":8},"end":{"line":101,"column":13}},"line":99},"7":{"name":"(anonymous_7)","decl":{"start":{"line":100,"column":46},"end":{"line":100,"column":47}},"loc":{"start":{"line":100,"column":53},"end":{"line":100,"column":87}},"line":100},"8":{"name":"QuizEditorScreen","decl":{"start":{"line":113,"column":24},"end":{"line":113,"column":40}},"loc":{"start":{"line":113,"column":71},"end":{"line":599,"column":1}},"line":113},"9":{"name":"(anonymous_9)","decl":{"start":{"line":126,"column":12},"end":{"line":126,"column":13}},"loc":{"start":{"line":126,"column":18},"end":{"line":128,"column":3}},"line":126},"10":{"name":"(anonymous_10)","decl":{"start":{"line":130,"column":32},"end":{"line":130,"column":33}},"loc":{"start":{"line":130,"column":44},"end":{"line":145,"column":3}},"line":130},"11":{"name":"(anonymous_11)","decl":{"start":{"line":151,"column":28},"end":{"line":151,"column":29}},"loc":{"start":{"line":151,"column":40},"end":{"line":171,"column":3}},"line":151},"12":{"name":"(anonymous_12)","decl":{"start":{"line":177,"column":31},"end":{"line":177,"column":32}},"loc":{"start":{"line":177,"column":61},"end":{"line":198,"column":3}},"line":177},"13":{"name":"(anonymous_13)","decl":{"start":{"line":186,"column":19},"end":{"line":186,"column":20}},"loc":{"start":{"line":186,"column":31},"end":{"line":194,"column":11}},"line":186},"14":{"name":"(anonymous_14)","decl":{"start":{"line":200,"column":35},"end":{"line":200,"column":36}},"loc":{"start":{"line":200,"column":79},"end":{"line":210,"column":3}},"line":200},"15":{"name":"(anonymous_15)","decl":{"start":{"line":212,"column":35},"end":{"line":212,"column":36}},"loc":{"start":{"line":215,"column":7},"end":{"line":225,"column":3}},"line":215},"16":{"name":"(anonymous_16)","decl":{"start":{"line":227,"column":29},"end":{"line":227,"column":30}},"loc":{"start":{"line":227,"column":75},"end":{"line":237,"column":3}},"line":227},"17":{"name":"(anonymous_17)","decl":{"start":{"line":243,"column":24},"end":{"line":243,"column":25}},"loc":{"start":{"line":243,"column":80},"end":{"line":273,"column":3}},"line":243},"18":{"name":"(anonymous_18)","decl":{"start":{"line":244,"column":45},"end":{"line":244,"column":46}},"loc":{"start":{"line":244,"column":50},"end":{"line":244,"column":69}},"line":244},"19":{"name":"(anonymous_19)","decl":{"start":{"line":256,"column":37},"end":{"line":256,"column":38}},"loc":{"start":{"line":256,"column":52},"end":{"line":259,"column":5}},"line":256},"20":{"name":"(anonymous_20)","decl":{"start":{"line":265,"column":20},"end":{"line":265,"column":21}},"loc":{"start":{"line":265,"column":26},"end":{"line":265,"column":66}},"line":265},"21":{"name":"(anonymous_21)","decl":{"start":{"line":279,"column":26},"end":{"line":279,"column":27}},"loc":{"start":{"line":279,"column":56},"end":{"line":301,"column":3}},"line":279},"22":{"name":"(anonymous_22)","decl":{"start":{"line":281,"column":38},"end":{"line":281,"column":39}},"loc":{"start":{"line":281,"column":43},"end":{"line":281,"column":62}},"line":281},"23":{"name":"(anonymous_23)","decl":{"start":{"line":303,"column":29},"end":{"line":303,"column":30}},"loc":{"start":{"line":303,"column":57},"end":{"line":318,"column":3}},"line":303},"24":{"name":"(anonymous_24)","decl":{"start":{"line":306,"column":38},"end":{"line":306,"column":39}},"loc":{"start":{"line":306,"column":43},"end":{"line":306,"column":85}},"line":306},"25":{"name":"(anonymous_25)","decl":{"start":{"line":306,"column":58},"end":{"line":306,"column":59}},"loc":{"start":{"line":306,"column":65},"end":{"line":306,"column":84}},"line":306},"26":{"name":"(anonymous_26)","decl":{"start":{"line":320,"column":30},"end":{"line":320,"column":31}},"loc":{"start":{"line":320,"column":58},"end":{"line":363,"column":3}},"line":320},"27":{"name":"(anonymous_27)","decl":{"start":{"line":323,"column":38},"end":{"line":323,"column":39}},"loc":{"start":{"line":323,"column":43},"end":{"line":323,"column":85}},"line":323},"28":{"name":"(anonymous_28)","decl":{"start":{"line":323,"column":58},"end":{"line":323,"column":59}},"loc":{"start":{"line":323,"column":65},"end":{"line":323,"column":84}},"line":323},"29":{"name":"(anonymous_29)","decl":{"start":{"line":326,"column":43},"end":{"line":326,"column":44}},"loc":{"start":{"line":326,"column":50},"end":{"line":326,"column":69}},"line":326},"30":{"name":"(anonymous_30)","decl":{"start":{"line":365,"column":33},"end":{"line":365,"column":34}},"loc":{"start":{"line":365,"column":75},"end":{"line":382,"column":3}},"line":365},"31":{"name":"(anonymous_31)","decl":{"start":{"line":367,"column":38},"end":{"line":367,"column":39}},"loc":{"start":{"line":367,"column":43},"end":{"line":367,"column":85}},"line":367},"32":{"name":"(anonymous_32)","decl":{"start":{"line":367,"column":58},"end":{"line":367,"column":59}},"loc":{"start":{"line":367,"column":65},"end":{"line":367,"column":84}},"line":367},"33":{"name":"(anonymous_33)","decl":{"start":{"line":388,"column":28},"end":{"line":388,"column":29}},"loc":{"start":{"line":388,"column":72},"end":{"line":440,"column":3}},"line":388},"34":{"name":"(anonymous_34)","decl":{"start":{"line":396,"column":22},"end":{"line":396,"column":23}},"loc":{"start":{"line":396,"column":43},"end":{"line":437,"column":5}},"line":396},"35":{"name":"(anonymous_35)","decl":{"start":{"line":415,"column":53},"end":{"line":415,"column":54}},"loc":{"start":{"line":415,"column":60},"end":{"line":415,"column":74}},"line":415},"36":{"name":"(anonymous_36)","decl":{"start":{"line":426,"column":33},"end":{"line":426,"column":34}},"loc":{"start":{"line":426,"column":52},"end":{"line":430,"column":9}},"line":426},"37":{"name":"(anonymous_37)","decl":{"start":{"line":446,"column":21},"end":{"line":446,"column":22}},"loc":{"start":{"line":446,"column":33},"end":{"line":478,"column":3}},"line":446},"38":{"name":"(anonymous_38)","decl":{"start":{"line":468,"column":21},"end":{"line":468,"column":22}},"loc":{"start":{"line":468,"column":27},"end":{"line":468,"column":46}},"line":468},"39":{"name":"(anonymous_39)","decl":{"start":{"line":504,"column":21},"end":{"line":504,"column":22}},"loc":{"start":{"line":504,"column":27},"end":{"line":504,"column":46}},"line":504},"40":{"name":"(anonymous_40)","decl":{"start":{"line":544,"column":26},"end":{"line":544,"column":27}},"loc":{"start":{"line":545,"column":14},"end":{"line":559,"column":16}},"line":545},"41":{"name":"(anonymous_41)","decl":{"start":{"line":550,"column":27},"end":{"line":550,"column":28}},"loc":{"start":{"line":550,"column":42},"end":{"line":550,"column":79}},"line":550},"42":{"name":"(anonymous_42)","decl":{"start":{"line":590,"column":19},"end":{"line":590,"column":20}},"loc":{"start":{"line":590,"column":25},"end":{"line":590,"column":44}},"line":590}},"branchMap":{"0":{"loc":{"start":{"line":56,"column":2},"end":{"line":106,"column":3}},"type":"switch","locations":[{"start":{"line":57,"column":4},"end":{"line":58,"column":28}},{"start":{"line":60,"column":4},"end":{"line":61,"column":40}},{"start":{"line":63,"column":4},"end":{"line":68,"column":8}},{"start":{"line":70,"column":4},"end":{"line":71,"column":56}},{"start":{"line":73,"column":4},"end":{"line":74,"column":28}},{"start":{"line":76,"column":4},"end":{"line":81,"column":8}},{"start":{"line":83,"column":4},"end":{"line":95,"column":8}},{"start":{"line":97,"column":4},"end":{"line":102,"column":8}},{"start":{"line":104,"column":4},"end":{"line":105,"column":19}}],"line":56},"1":{"loc":{"start":{"line":65,"column":8},"end":{"line":67,"column":13}},"type":"cond-expr","locations":[{"start":{"line":66,"column":12},"end":{"line":66,"column":47}},{"start":{"line":67,"column":12},"end":{"line":67,"column":13}}],"line":65},"2":{"loc":{"start":{"line":78,"column":8},"end":{"line":80,"column":13}},"type":"cond-expr","locations":[{"start":{"line":79,"column":12},"end":{"line":79,"column":68}},{"start":{"line":80,"column":12},"end":{"line":80,"column":13}}],"line":78},"3":{"loc":{"start":{"line":85,"column":8},"end":{"line":94,"column":13}},"type":"cond-expr","locations":[{"start":{"line":86,"column":12},"end":{"line":93,"column":13}},{"start":{"line":94,"column":12},"end":{"line":94,"column":13}}],"line":85},"4":{"loc":{"start":{"line":89,"column":16},"end":{"line":91,"column":23}},"type":"cond-expr","locations":[{"start":{"line":90,"column":20},"end":{"line":90,"column":57}},{"start":{"line":91,"column":20},"end":{"line":91,"column":23}}],"line":89},"5":{"loc":{"start":{"line":99,"column":8},"end":{"line":101,"column":13}},"type":"cond-expr","locations":[{"start":{"line":100,"column":12},"end":{"line":100,"column":90}},{"start":{"line":101,"column":12},"end":{"line":101,"column":13}}],"line":99},"6":{"loc":{"start":{"line":139,"column":27},"end":{"line":139,"column":97}},"type":"cond-expr","locations":[{"start":{"line":139,"column":50},"end":{"line":139,"column":61}},{"start":{"line":139,"column":64},"end":{"line":139,"column":97}}],"line":139},"7":{"loc":{"start":{"line":168,"column":27},"end":{"line":168,"column":91}},"type":"cond-expr","locations":[{"start":{"line":168,"column":50},"end":{"line":168,"column":61}},{"start":{"line":168,"column":64},"end":{"line":168,"column":91}}],"line":168},"8":{"loc":{"start":{"line":191,"column":35},"end":{"line":191,"column":100}},"type":"cond-expr","locations":[{"start":{"line":191,"column":58},"end":{"line":191,"column":69}},{"start":{"line":191,"column":72},"end":{"line":191,"column":100}}],"line":191},"9":{"loc":{"start":{"line":245,"column":4},"end":{"line":245,"column":36}},"type":"if","locations":[{"start":{"line":245,"column":4},"end":{"line":245,"column":36}},{"start":{},"end":{}}],"line":245},"10":{"loc":{"start":{"line":247,"column":21},"end":{"line":247,"column":77}},"type":"cond-expr","locations":[{"start":{"line":247,"column":42},"end":{"line":247,"column":58}},{"start":{"line":247,"column":61},"end":{"line":247,"column":77}}],"line":247},"11":{"loc":{"start":{"line":248,"column":4},"end":{"line":248,"column":61}},"type":"if","locations":[{"start":{"line":248,"column":4},"end":{"line":248,"column":61}},{"start":{},"end":{}}],"line":248},"12":{"loc":{"start":{"line":248,"column":8},"end":{"line":248,"column":52}},"type":"binary-expr","locations":[{"start":{"line":248,"column":8},"end":{"line":248,"column":20}},{"start":{"line":248,"column":24},"end":{"line":248,"column":52}}],"line":248},"13":{"loc":{"start":{"line":268,"column":27},"end":{"line":268,"column":94}},"type":"cond-expr","locations":[{"start":{"line":268,"column":50},"end":{"line":268,"column":61}},{"start":{"line":268,"column":64},"end":{"line":268,"column":94}}],"line":268},"14":{"loc":{"start":{"line":282,"column":6},"end":{"line":282,"column":28}},"type":"if","locations":[{"start":{"line":282,"column":6},"end":{"line":282,"column":28}},{"start":{},"end":{}}],"line":282},"15":{"loc":{"start":{"line":298,"column":27},"end":{"line":298,"column":89}},"type":"cond-expr","locations":[{"start":{"line":298,"column":50},"end":{"line":298,"column":61}},{"start":{"line":298,"column":64},"end":{"line":298,"column":89}}],"line":298},"16":{"loc":{"start":{"line":307,"column":6},"end":{"line":307,"column":28}},"type":"if","locations":[{"start":{"line":307,"column":6},"end":{"line":307,"column":28}},{"start":{},"end":{}}],"line":307},"17":{"loc":{"start":{"line":315,"column":27},"end":{"line":315,"column":90}},"type":"cond-expr","locations":[{"start":{"line":315,"column":50},"end":{"line":315,"column":61}},{"start":{"line":315,"column":64},"end":{"line":315,"column":90}}],"line":315},"18":{"loc":{"start":{"line":324,"column":6},"end":{"line":324,"column":28}},"type":"if","locations":[{"start":{"line":324,"column":6},"end":{"line":324,"column":28}},{"start":{},"end":{}}],"line":324},"19":{"loc":{"start":{"line":327,"column":6},"end":{"line":327,"column":26}},"type":"if","locations":[{"start":{"line":327,"column":6},"end":{"line":327,"column":26}},{"start":{},"end":{}}],"line":327},"20":{"loc":{"start":{"line":332,"column":6},"end":{"line":347,"column":7}},"type":"if","locations":[{"start":{"line":332,"column":6},"end":{"line":347,"column":7}},{"start":{},"end":{}}],"line":332},"21":{"loc":{"start":{"line":332,"column":10},"end":{"line":332,"column":68}},"type":"binary-expr","locations":[{"start":{"line":332,"column":10},"end":{"line":332,"column":52}},{"start":{"line":332,"column":56},"end":{"line":332,"column":68}}],"line":332},"22":{"loc":{"start":{"line":335,"column":10},"end":{"line":345,"column":11}},"type":"if","locations":[{"start":{"line":335,"column":10},"end":{"line":345,"column":11}},{"start":{},"end":{}}],"line":335},"23":{"loc":{"start":{"line":335,"column":14},"end":{"line":335,"column":51}},"type":"binary-expr","locations":[{"start":{"line":335,"column":14},"end":{"line":335,"column":33}},{"start":{"line":335,"column":37},"end":{"line":335,"column":51}}],"line":335},"24":{"loc":{"start":{"line":360,"column":27},"end":{"line":360,"column":92}},"type":"cond-expr","locations":[{"start":{"line":360,"column":50},"end":{"line":360,"column":61}},{"start":{"line":360,"column":64},"end":{"line":360,"column":92}}],"line":360},"25":{"loc":{"start":{"line":368,"column":6},"end":{"line":368,"column":28}},"type":"if","locations":[{"start":{"line":368,"column":6},"end":{"line":368,"column":28}},{"start":{},"end":{}}],"line":368},"26":{"loc":{"start":{"line":391,"column":4},"end":{"line":394,"column":5}},"type":"if","locations":[{"start":{"line":391,"column":4},"end":{"line":394,"column":5}},{"start":{},"end":{}}],"line":391},"27":{"loc":{"start":{"line":400,"column":6},"end":{"line":402,"column":7}},"type":"if","locations":[{"start":{"line":400,"column":6},"end":{"line":402,"column":7}},{"start":{},"end":{}}],"line":400},"28":{"loc":{"start":{"line":405,"column":6},"end":{"line":407,"column":7}},"type":"if","locations":[{"start":{"line":405,"column":6},"end":{"line":407,"column":7}},{"start":{},"end":{}}],"line":405},"29":{"loc":{"start":{"line":410,"column":6},"end":{"line":431,"column":7}},"type":"if","locations":[{"start":{"line":410,"column":6},"end":{"line":431,"column":7}},{"start":{},"end":{}}],"line":410},"30":{"loc":{"start":{"line":410,"column":10},"end":{"line":410,"column":100}},"type":"binary-expr","locations":[{"start":{"line":410,"column":10},"end":{"line":410,"column":52}},{"start":{"line":410,"column":56},"end":{"line":410,"column":100}}],"line":410},"31":{"loc":{"start":{"line":411,"column":8},"end":{"line":413,"column":9}},"type":"if","locations":[{"start":{"line":411,"column":8},"end":{"line":413,"column":9}},{"start":{},"end":{}}],"line":411},"32":{"loc":{"start":{"line":417,"column":8},"end":{"line":419,"column":9}},"type":"if","locations":[{"start":{"line":417,"column":8},"end":{"line":419,"column":9}},{"start":{},"end":{}}],"line":417},"33":{"loc":{"start":{"line":417,"column":12},"end":{"line":417,"column":76}},"type":"binary-expr","locations":[{"start":{"line":417,"column":12},"end":{"line":417,"column":54}},{"start":{"line":417,"column":58},"end":{"line":417,"column":76}}],"line":417},"34":{"loc":{"start":{"line":421,"column":8},"end":{"line":423,"column":9}},"type":"if","locations":[{"start":{"line":421,"column":8},"end":{"line":423,"column":9}},{"start":{},"end":{}}],"line":421},"35":{"loc":{"start":{"line":421,"column":12},"end":{"line":421,"column":76}},"type":"binary-expr","locations":[{"start":{"line":421,"column":12},"end":{"line":421,"column":56}},{"start":{"line":421,"column":60},"end":{"line":421,"column":76}}],"line":421},"36":{"loc":{"start":{"line":427,"column":10},"end":{"line":429,"column":11}},"type":"if","locations":[{"start":{"line":427,"column":10},"end":{"line":429,"column":11}},{"start":{},"end":{}}],"line":427},"37":{"loc":{"start":{"line":434,"column":6},"end":{"line":436,"column":7}},"type":"if","locations":[{"start":{"line":434,"column":6},"end":{"line":436,"column":7}},{"start":{},"end":{}}],"line":434},"38":{"loc":{"start":{"line":434,"column":10},"end":{"line":434,"column":80}},"type":"binary-expr","locations":[{"start":{"line":434,"column":10},"end":{"line":434,"column":49}},{"start":{"line":434,"column":53},"end":{"line":434,"column":80}}],"line":434},"39":{"loc":{"start":{"line":449,"column":4},"end":{"line":456,"column":5}},"type":"if","locations":[{"start":{"line":449,"column":4},"end":{"line":456,"column":5}},{"start":{},"end":{}}],"line":449},"40":{"loc":{"start":{"line":473,"column":27},"end":{"line":473,"column":82}},"type":"cond-expr","locations":[{"start":{"line":473,"column":50},"end":{"line":473,"column":61}},{"start":{"line":473,"column":64},"end":{"line":473,"column":82}}],"line":473},"41":{"loc":{"start":{"line":484,"column":2},"end":{"line":493,"column":3}},"type":"if","locations":[{"start":{"line":484,"column":2},"end":{"line":493,"column":3}},{"start":{},"end":{}}],"line":484},"42":{"loc":{"start":{"line":495,"column":2},"end":{"line":512,"column":3}},"type":"if","locations":[{"start":{"line":495,"column":2},"end":{"line":512,"column":3}},{"start":{},"end":{}}],"line":495},"43":{"loc":{"start":{"line":495,"column":6},"end":{"line":495,"column":20}},"type":"binary-expr","locations":[{"start":{"line":495,"column":6},"end":{"line":495,"column":11}},{"start":{"line":495,"column":15},"end":{"line":495,"column":20}}],"line":495},"44":{"loc":{"start":{"line":535,"column":11},"end":{"line":561,"column":11}},"type":"cond-expr","locations":[{"start":{"line":536,"column":12},"end":{"line":542,"column":19}},{"start":{"line":544,"column":12},"end":{"line":560,"column":14}}],"line":535}},"s":{"0":0,"1":0,"2":0,"3":0,"4":0,"5":0,"6":0,"7":0,"8":0,"9":0,"10":0,"11":0,"12":0,"13":0,"14":0,"15":0,"16":0,"17":0,"18":0,"19":0,"20":0,"21":0,"22":0,"23":0,"24":0,"25":0,"26":0,"27":0,"28":0,"29":0,"30":0,"31":0,"32":0,"33":0,"34":0,"35":0,"36":0,"37":0,"38":0,"39":0,"40":0,"41":0,"42":0,"43":0,"44":0,"45":0,"46":0,"47":0,"48":0,"49":0,"50":0,"51":0,"52":0,"53":0,"54":0,"55":0,"56":0,"57":0,"58":0,"59":0,"60":0,"61":0,"62":0,"63":0,"64":0,"65":0,"66":0,"67":0,"68":0,"69":0,"70":0,"71":0,"72":0,"73":0,"74":0,"75":0,"76":0,"77":0,"78":0,"79":0,"80":0,"81":0,"82":0,"83":0,"84":0,"85":0,"86":0,"87":0,"88":0,"89":0,"90":0,"91":0,"92":0,"93":0,"94":0,"95":0,"96":0,"97":0,"98":0,"99":0,"100":0,"101":0,"102":0,"103":0,"104":0,"105":0,"106":0,"107":0,"108":0,"109":0,"110":0,"111":0,"112":0,"113":0,"114":0,"115":0,"116":0,"117":0,"118":0,"119":0,"120":0,"121":0,"122":0,"123":0,"124":0,"125":0,"126":0,"127":0,"128":0,"129":0,"130":0,"131":0,"132":0,"133":0,"134":0,"135":0,"136":0,"137":0,"138":0,"139":0,"140":0,"141":0,"142":0,"143":0,"144":0,"145":0,"146":0,"147":0,"148":0,"149":0,"150":0,"151":0,"152":0,"153":0,"154":0,"155":0,"156":0,"157":0,"158":0,"159":0,"160":0,"161":0,"162":0,"163":0,"164":0,"165":0,"166":0,"167":0,"168":0,"169":0,"170":0,"171":0,"172":0,"173":0,"174":0,"175":0,"176":0,"177":0,"178":0,"179":0,"180":0,"181":0,"182":0,"183":0,"184":0},"f":{"0":0,"1":0,"2":0,"3":0,"4":0,"5":0,"6":0,"7":0,"8":0,"9":0,"10":0,"11":0,"12":0,"13":0,"14":0,"15":0,"16":0,"17":0,"18":0,"19":0,"20":0,"21":0,"22":0,"23":0,"24":0,"25":0,"26":0,"27":0,"28":0,"29":0,"30":0,"31":0,"32":0,"33":0,"34":0,"35":0,"36":0,"37":0,"38":0,"39":0,"40":0,"41":0,"42":0},"b":{"0":[0,0,0,0,0,0,0,0,0],"1":[0,0],"2":[0,0],"3":[0,0],"4":[0,0],"5":[0,0],"6":[0,0],"7":[0,0],"8":[0,0],"9":[0,0],"10":[0,0],"11":[0,0],"12":[0,0],"13":[0,0],"14":[0,0],"15":[0,0],"16":[0,0],"17":[0,0],"18":[0,0],"19":[0,0],"20":[0,0],"21":[0,0],"22":[0,0],"23":[0,0],"24":[0,0],"25":[0,0],"26":[0,0],"27":[0,0],"28":[0,0],"29":[0,0],"30":[0,0],"31":[0,0],"32":[0,0],"33":[0,0],"34":[0,0],"35":[0,0],"36":[0,0],"37":[0,0],"38":[0,0],"39":[0,0],"40":[0,0],"41":[0,0],"42":[0,0],"43":[0,0],"44":[0,0]}}
,"C:\\Users\\USUARIO\\Documents\\GitHub\\BagresApp\\src\\services\\supabase\\quizzes.ts": {"path":"C:\\Users\\USUARIO\\Documents\\GitHub\\BagresApp\\src\\services\\supabase\\quizzes.ts","statementMap":{"0":{"start":{"line":34,"column":2},"end":{"line":51,"column":3}},"1":{"start":{"line":35,"column":28},"end":{"line":39,"column":48}},"2":{"start":{"line":41,"column":4},"end":{"line":43,"column":5}},"3":{"start":{"line":42,"column":6},"end":{"line":42,"column":45}},"4":{"start":{"line":45,"column":4},"end":{"line":45,"column":22}},"5":{"start":{"line":47,"column":4},"end":{"line":49,"column":5}},"6":{"start":{"line":48,"column":6},"end":{"line":48,"column":18}},"7":{"start":{"line":50,"column":4},"end":{"line":50,"column":60}},"8":{"start":{"line":61,"column":2},"end":{"line":81,"column":3}},"9":{"start":{"line":62,"column":28},"end":{"line":69,"column":48}},"10":{"start":{"line":71,"column":4},"end":{"line":73,"column":5}},"11":{"start":{"line":72,"column":6},"end":{"line":72,"column":45}},"12":{"start":{"line":75,"column":4},"end":{"line":75,"column":22}},"13":{"start":{"line":77,"column":4},"end":{"line":79,"column":5}},"14":{"start":{"line":78,"column":6},"end":{"line":78,"column":18}},"15":{"start":{"line":80,"column":4},"end":{"line":80,"column":62}},"16":{"start":{"line":91,"column":2},"end":{"line":112,"column":3}},"17":{"start":{"line":92,"column":28},"end":{"line":96,"column":15}},"18":{"start":{"line":98,"column":4},"end":{"line":100,"column":5}},"19":{"start":{"line":99,"column":6},"end":{"line":99,"column":45}},"20":{"start":{"line":102,"column":4},"end":{"line":104,"column":5}},"21":{"start":{"line":103,"column":6},"end":{"line":103,"column":55}},"22":{"start":{"line":106,"column":4},"end":{"line":106,"column":16}},"23":{"start":{"line":108,"column":4},"end":{"line":110,"column":5}},"24":{"start":{"line":109,"column":6},"end":{"line":109,"column":18}},"25":{"start":{"line":111,"column":4},"end":{"line":111,"column":52}},"26":{"start":{"line":126,"column":2},"end":{"line":148,"column":3}},"27":{"start":{"line":127,"column":28},"end":{"line":132,"column":15}},"28":{"start":{"line":134,"column":4},"end":{"line":136,"column":5}},"29":{"start":{"line":135,"column":6},"end":{"line":135,"column":45}},"30":{"start":{"line":138,"column":4},"end":{"line":140,"column":5}},"31":{"start":{"line":139,"column":6},"end":{"line":139,"column":55}},"32":{"start":{"line":142,"column":4},"end":{"line":142,"column":16}},"33":{"start":{"line":144,"column":4},"end":{"line":146,"column":5}},"34":{"start":{"line":145,"column":6},"end":{"line":145,"column":18}},"35":{"start":{"line":147,"column":4},"end":{"line":147,"column":52}},"36":{"start":{"line":157,"column":2},"end":{"line":171,"column":3}},"37":{"start":{"line":158,"column":22},"end":{"line":161,"column":23}},"38":{"start":{"line":163,"column":4},"end":{"line":165,"column":5}},"39":{"start":{"line":164,"column":6},"end":{"line":164,"column":45}},"40":{"start":{"line":167,"column":4},"end":{"line":169,"column":5}},"41":{"start":{"line":168,"column":6},"end":{"line":168,"column":18}},"42":{"start":{"line":170,"column":4},"end":{"line":170,"column":52}},"43":{"start":{"line":181,"column":2},"end":{"line":198,"column":3}},"44":{"start":{"line":182,"column":28},"end":{"line":186,"column":48}},"45":{"start":{"line":188,"column":4},"end":{"line":190,"column":5}},"46":{"start":{"line":189,"column":6},"end":{"line":189,"column":45}},"47":{"start":{"line":192,"column":4},"end":{"line":192,"column":22}},"48":{"start":{"line":194,"column":4},"end":{"line":196,"column":5}},"49":{"start":{"line":195,"column":6},"end":{"line":195,"column":18}},"50":{"start":{"line":197,"column":4},"end":{"line":197,"column":61}},"51":{"start":{"line":208,"column":2},"end":{"line":229,"column":3}},"52":{"start":{"line":209,"column":28},"end":{"line":213,"column":15}},"53":{"start":{"line":215,"column":4},"end":{"line":217,"column":5}},"54":{"start":{"line":216,"column":6},"end":{"line":216,"column":45}},"55":{"start":{"line":219,"column":4},"end":{"line":221,"column":5}},"56":{"start":{"line":220,"column":6},"end":{"line":220,"column":59}},"57":{"start":{"line":223,"column":4},"end":{"line":223,"column":16}},"58":{"start":{"line":225,"column":4},"end":{"line":227,"column":5}},"59":{"start":{"line":226,"column":6},"end":{"line":226,"column":18}},"60":{"start":{"line":228,"column":4},"end":{"line":228,"column":56}},"61":{"start":{"line":239,"column":2},"end":{"line":256,"column":3}},"62":{"start":{"line":240,"column":28},"end":{"line":244,"column":48}},"63":{"start":{"line":246,"column":4},"end":{"line":248,"column":5}},"64":{"start":{"line":247,"column":6},"end":{"line":247,"column":45}},"65":{"start":{"line":250,"column":4},"end":{"line":250,"column":22}},"66":{"start":{"line":252,"column":4},"end":{"line":254,"column":5}},"67":{"start":{"line":253,"column":6},"end":{"line":253,"column":18}},"68":{"start":{"line":255,"column":4},"end":{"line":255,"column":63}},"69":{"start":{"line":266,"column":2},"end":{"line":287,"column":3}},"70":{"start":{"line":267,"column":28},"end":{"line":271,"column":15}},"71":{"start":{"line":273,"column":4},"end":{"line":275,"column":5}},"72":{"start":{"line":274,"column":6},"end":{"line":274,"column":45}},"73":{"start":{"line":277,"column":4},"end":{"line":279,"column":5}},"74":{"start":{"line":278,"column":6},"end":{"line":278,"column":57}},"75":{"start":{"line":281,"column":4},"end":{"line":281,"column":16}},"76":{"start":{"line":283,"column":4},"end":{"line":285,"column":5}},"77":{"start":{"line":284,"column":6},"end":{"line":284,"column":18}},"78":{"start":{"line":286,"column":4},"end":{"line":286,"column":54}},"79":{"start":{"line":301,"column":2},"end":{"line":323,"column":3}},"80":{"start":{"line":302,"column":28},"end":{"line":307,"column":15}},"81":{"start":{"line":309,"column":4},"end":{"line":311,"column":5}},"82":{"start":{"line":310,"column":6},"end":{"line":310,"column":45}},"83":{"start":{"line":313,"column":4},"end":{"line":315,"column":5}},"84":{"start":{"line":314,"column":6},"end":{"line":314,"column":57}},"85":{"start":{"line":317,"column":4},"end":{"line":317,"column":16}},"86":{"start":{"line":319,"column":4},"end":{"line":321,"column":5}},"87":{"start":{"line":320,"column":6},"end":{"line":320,"column":18}},"88":{"start":{"line":322,"column":4},"end":{"line":322,"column":54}},"89":{"start":{"line":332,"column":2},"end":{"line":346,"column":3}},"90":{"start":{"line":333,"column":22},"end":{"line":336,"column":25}},"91":{"start":{"line":338,"column":4},"end":{"line":340,"column":5}},"92":{"start":{"line":339,"column":6},"end":{"line":339,"column":45}},"93":{"start":{"line":342,"column":4},"end":{"line":344,"column":5}},"94":{"start":{"line":343,"column":6},"end":{"line":343,"column":18}},"95":{"start":{"line":345,"column":4},"end":{"line":345,"column":54}},"96":{"start":{"line":358,"column":2},"end":{"line":420,"column":3}},"97":{"start":{"line":360,"column":45},"end":{"line":364,"column":15}},"98":{"start":{"line":366,"column":4},"end":{"line":368,"column":5}},"99":{"start":{"line":367,"column":6},"end":{"line":367,"column":49}},"100":{"start":{"line":370,"column":4},"end":{"line":372,"column":5}},"101":{"start":{"line":371,"column":6},"end":{"line":371,"column":48}},"102":{"start":{"line":375,"column":55},"end":{"line":379,"column":48}},"103":{"start":{"line":381,"column":4},"end":{"line":383,"column":5}},"104":{"start":{"line":382,"column":6},"end":{"line":382,"column":54}},"105":{"start":{"line":386,"column":4},"end":{"line":391,"column":5}},"106":{"start":{"line":387,"column":6},"end":{"line":390,"column":8}},"107":{"start":{"line":394,"column":24},"end":{"line":394,"column":48}},"108":{"start":{"line":394,"column":43},"end":{"line":394,"column":47}},"109":{"start":{"line":395,"column":51},"end":{"line":399,"column":48}},"110":{"start":{"line":401,"column":4},"end":{"line":403,"column":5}},"111":{"start":{"line":402,"column":6},"end":{"line":402,"column":52}},"112":{"start":{"line":406,"column":56},"end":{"line":409,"column":7}},"113":{"start":{"line":406,"column":83},"end":{"line":409,"column":5}},"114":{"start":{"line":408,"column":45},"end":{"line":408,"column":76}},"115":{"start":{"line":411,"column":4},"end":{"line":414,"column":6}},"116":{"start":{"line":416,"column":4},"end":{"line":418,"column":5}},"117":{"start":{"line":417,"column":6},"end":{"line":417,"column":18}},"118":{"start":{"line":419,"column":4},"end":{"line":419,"column":66}},"119":{"start":{"line":432,"column":2},"end":{"line":453,"column":3}},"120":{"start":{"line":434,"column":21},"end":{"line":439,"column":5}},"121":{"start":{"line":435,"column":6},"end":{"line":438,"column":21}},"122":{"start":{"line":441,"column":20},"end":{"line":441,"column":47}},"123":{"start":{"line":444,"column":19},"end":{"line":444,"column":47}},"124":{"start":{"line":444,"column":39},"end":{"line":444,"column":46}},"125":{"start":{"line":445,"column":4},"end":{"line":447,"column":5}},"126":{"start":{"line":446,"column":6},"end":{"line":446,"column":65}},"127":{"start":{"line":449,"column":4},"end":{"line":451,"column":5}},"128":{"start":{"line":450,"column":6},"end":{"line":450,"column":18}},"129":{"start":{"line":452,"column":4},"end":{"line":452,"column":62}},"130":{"start":{"line":462,"column":2},"end":{"line":476,"column":3}},"131":{"start":{"line":463,"column":22},"end":{"line":466,"column":27}},"132":{"start":{"line":468,"column":4},"end":{"line":470,"column":5}},"133":{"start":{"line":469,"column":6},"end":{"line":469,"column":45}},"134":{"start":{"line":472,"column":4},"end":{"line":474,"column":5}},"135":{"start":{"line":473,"column":6},"end":{"line":473,"column":18}},"136":{"start":{"line":475,"column":4},"end":{"line":475,"column":56}},"137":{"start":{"line":489,"column":2},"end":{"line":511,"column":3}},"138":{"start":{"line":490,"column":28},"end":{"line":495,"column":15}},"139":{"start":{"line":497,"column":4},"end":{"line":499,"column":5}},"140":{"start":{"line":498,"column":6},"end":{"line":498,"column":45}},"141":{"start":{"line":501,"column":4},"end":{"line":503,"column":5}},"142":{"start":{"line":502,"column":6},"end":{"line":502,"column":59}},"143":{"start":{"line":505,"column":4},"end":{"line":505,"column":16}},"144":{"start":{"line":507,"column":4},"end":{"line":509,"column":5}},"145":{"start":{"line":508,"column":6},"end":{"line":508,"column":18}},"146":{"start":{"line":510,"column":4},"end":{"line":510,"column":56}}},"fnMap":{"0":{"name":"getClassQuizzes","decl":{"start":{"line":33,"column":22},"end":{"line":33,"column":37}},"loc":{"start":{"line":33,"column":72},"end":{"line":52,"column":1}},"line":33},"1":{"name":"getTeacherQuizzes","decl":{"start":{"line":60,"column":22},"end":{"line":60,"column":39}},"loc":{"start":{"line":60,"column":76},"end":{"line":82,"column":1}},"line":60},"2":{"name":"createQuiz","decl":{"start":{"line":90,"column":22},"end":{"line":90,"column":32}},"loc":{"start":{"line":90,"column":70},"end":{"line":113,"column":1}},"line":90},"3":{"name":"updateQuiz","decl":{"start":{"line":122,"column":22},"end":{"line":122,"column":32}},"loc":{"start":{"line":125,"column":17},"end":{"line":149,"column":1}},"line":125},"4":{"name":"deleteQuiz","decl":{"start":{"line":156,"column":22},"end":{"line":156,"column":32}},"loc":{"start":{"line":156,"column":64},"end":{"line":172,"column":1}},"line":156},"5":{"name":"getQuizQuestions","decl":{"start":{"line":180,"column":22},"end":{"line":180,"column":38}},"loc":{"start":{"line":180,"column":80},"end":{"line":199,"column":1}},"line":180},"6":{"name":"createQuestion","decl":{"start":{"line":207,"column":22},"end":{"line":207,"column":36}},"loc":{"start":{"line":207,"column":94},"end":{"line":230,"column":1}},"line":207},"7":{"name":"getQuestionOptions","decl":{"start":{"line":238,"column":22},"end":{"line":238,"column":40}},"loc":{"start":{"line":238,"column":84},"end":{"line":257,"column":1}},"line":238},"8":{"name":"createOption","decl":{"start":{"line":265,"column":22},"end":{"line":265,"column":34}},"loc":{"start":{"line":265,"column":86},"end":{"line":288,"column":1}},"line":265},"9":{"name":"updateOption","decl":{"start":{"line":297,"column":22},"end":{"line":297,"column":34}},"loc":{"start":{"line":300,"column":23},"end":{"line":324,"column":1}},"line":300},"10":{"name":"deleteOption","decl":{"start":{"line":331,"column":22},"end":{"line":331,"column":34}},"loc":{"start":{"line":331,"column":68},"end":{"line":347,"column":1}},"line":331},"11":{"name":"getQuizWithQuestions","decl":{"start":{"line":355,"column":22},"end":{"line":355,"column":42}},"loc":{"start":{"line":357,"column":30},"end":{"line":421,"column":1}},"line":357},"12":{"name":"(anonymous_12)","decl":{"start":{"line":394,"column":38},"end":{"line":394,"column":39}},"loc":{"start":{"line":394,"column":43},"end":{"line":394,"column":47}},"line":394},"13":{"name":"(anonymous_13)","decl":{"start":{"line":406,"column":70},"end":{"line":406,"column":71}},"loc":{"start":{"line":406,"column":83},"end":{"line":409,"column":5}},"line":406},"14":{"name":"(anonymous_14)","decl":{"start":{"line":408,"column":38},"end":{"line":408,"column":39}},"loc":{"start":{"line":408,"column":45},"end":{"line":408,"column":76}},"line":408},"15":{"name":"updateQuestionOrder","decl":{"start":{"line":429,"column":22},"end":{"line":429,"column":41}},"loc":{"start":{"line":431,"column":17},"end":{"line":454,"column":1}},"line":431},"16":{"name":"(anonymous_16)","decl":{"start":{"line":434,"column":33},"end":{"line":434,"column":34}},"loc":{"start":{"line":435,"column":6},"end":{"line":438,"column":21}},"line":435},"17":{"name":"(anonymous_17)","decl":{"start":{"line":444,"column":34},"end":{"line":444,"column":35}},"loc":{"start":{"line":444,"column":39},"end":{"line":444,"column":46}},"line":444},"18":{"name":"deleteQuestion","decl":{"start":{"line":461,"column":22},"end":{"line":461,"column":36}},"loc":{"start":{"line":461,"column":72},"end":{"line":477,"column":1}},"line":461},"19":{"name":"updateQuestion","decl":{"start":{"line":485,"column":22},"end":{"line":485,"column":36}},"loc":{"start":{"line":488,"column":25},"end":{"line":512,"column":1}},"line":488}},"branchMap":{"0":{"loc":{"start":{"line":41,"column":4},"end":{"line":43,"column":5}},"type":"if","locations":[{"start":{"line":41,"column":4},"end":{"line":43,"column":5}},{"start":{},"end":{}}],"line":41},"1":{"loc":{"start":{"line":45,"column":11},"end":{"line":45,"column":21}},"type":"binary-expr","locations":[{"start":{"line":45,"column":11},"end":{"line":45,"column":15}},{"start":{"line":45,"column":19},"end":{"line":45,"column":21}}],"line":45},"2":{"loc":{"start":{"line":47,"column":4},"end":{"line":49,"column":5}},"type":"if","locations":[{"start":{"line":47,"column":4},"end":{"line":49,"column":5}},{"start":{},"end":{}}],"line":47},"3":{"loc":{"start":{"line":71,"column":4},"end":{"line":73,"column":5}},"type":"if","locations":[{"start":{"line":71,"column":4},"end":{"line":73,"column":5}},{"start":{},"end":{}}],"line":71},"4":{"loc":{"start":{"line":75,"column":11},"end":{"line":75,"column":21}},"type":"binary-expr","locations":[{"start":{"line":75,"column":11},"end":{"line":75,"column":15}},{"start":{"line":75,"column":19},"end":{"line":75,"column":21}}],"line":75},"5":{"loc":{"start":{"line":77,"column":4},"end":{"line":79,"column":5}},"type":"if","locations":[{"start":{"line":77,"column":4},"end":{"line":79,"column":5}},{"start":{},"end":{}}],"line":77},"6":{"loc":{"start":{"line":98,"column":4},"end":{"line":100,"column":5}},"type":"if","locations":[{"start":{"line":98,"column":4},"end":{"line":100,"column":5}},{"start":{},"end":{}}],"line":98},"7":{"loc":{"start":{"line":102,"column":4},"end":{"line":104,"column":5}},"type":"if","locations":[{"start":{"line":102,"column":4},"end":{"line":104,"column":5}},{"start":{},"end":{}}],"line":102},"8":{"loc":{"start":{"line":108,"column":4},"end":{"line":110,"column":5}},"type":"if","locations":[{"start":{"line":108,"column":4},"end":{"line":110,"column":5}},{"start":{},"end":{}}],"line":108},"9":{"loc":{"start":{"line":134,"column":4},"end":{"line":136,"column":5}},"type":"if","locations":[{"start":{"line":134,"column":4},"end":{"line":136,"column":5}},{"start":{},"end":{}}],"line":134},"10":{"loc":{"start":{"line":138,"column":4},"end":{"line":140,"column":5}},"type":"if","locations":[{"start":{"line":138,"column":4},"end":{"line":140,"column":5}},{"start":{},"end":{}}],"line":138},"11":{"loc":{"start":{"line":144,"column":4},"end":{"line":146,"column":5}},"type":"if","locations":[{"start":{"line":144,"column":4},"end":{"line":146,"column":5}},{"start":{},"end":{}}],"line":144},"12":{"loc":{"start":{"line":163,"column":4},"end":{"line":165,"column":5}},"type":"if","locations":[{"start":{"line":163,"column":4},"end":{"line":165,"column":5}},{"start":{},"end":{}}],"line":163},"13":{"loc":{"start":{"line":167,"column":4},"end":{"line":169,"column":5}},"type":"if","locations":[{"start":{"line":167,"column":4},"end":{"line":169,"column":5}},{"start":{},"end":{}}],"line":167},"14":{"loc":{"start":{"line":188,"column":4},"end":{"line":190,"column":5}},"type":"if","locations":[{"start":{"line":188,"column":4},"end":{"line":190,"column":5}},{"start":{},"end":{}}],"line":188},"15":{"loc":{"start":{"line":192,"column":11},"end":{"line":192,"column":21}},"type":"binary-expr","locations":[{"start":{"line":192,"column":11},"end":{"line":192,"column":15}},{"start":{"line":192,"column":19},"end":{"line":192,"column":21}}],"line":192},"16":{"loc":{"start":{"line":194,"column":4},"end":{"line":196,"column":5}},"type":"if","locations":[{"start":{"line":194,"column":4},"end":{"line":196,"column":5}},{"start":{},"end":{}}],"line":194},"17":{"loc":{"start":{"line":215,"column":4},"end":{"line":217,"column":5}},"type":"if","locations":[{"start":{"line":215,"column":4},"end":{"line":217,"column":5}},{"start":{},"end":{}}],"line":215},"18":{"loc":{"start":{"line":219,"column":4},"end":{"line":221,"column":5}},"type":"if","locations":[{"start":{"line":219,"column":4},"end":{"line":221,"column":5}},{"start":{},"end":{}}],"line":219},"19":{"loc":{"start":{"line":225,"column":4},"end":{"line":227,"column":5}},"type":"if","locations":[{"start":{"line":225,"column":4},"end":{"line":227,"column":5}},{"start":{},"end":{}}],"line":225},"20":{"loc":{"start":{"line":246,"column":4},"end":{"line":248,"column":5}},"type":"if","locations":[{"start":{"line":246,"column":4},"end":{"line":248,"column":5}},{"start":{},"end":{}}],"line":246},"21":{"loc":{"start":{"line":250,"column":11},"end":{"line":250,"column":21}},"type":"binary-expr","locations":[{"start":{"line":250,"column":11},"end":{"line":250,"column":15}},{"start":{"line":250,"column":19},"end":{"line":250,"column":21}}],"line":250},"22":{"loc":{"start":{"line":252,"column":4},"end":{"line":254,"column":5}},"type":"if","locations":[{"start":{"line":252,"column":4},"end":{"line":254,"column":5}},{"start":{},"end":{}}],"line":252},"23":{"loc":{"start":{"line":273,"column":4},"end":{"line":275,"column":5}},"type":"if","locations":[{"start":{"line":273,"column":4},"end":{"line":275,"column":5}},{"start":{},"end":{}}],"line":273},"24":{"loc":{"start":{"line":277,"column":4},"end":{"line":279,"column":5}},"type":"if","locations":[{"start":{"line":277,"column":4},"end":{"line":279,"column":5}},{"start":{},"end":{}}],"line":277},"25":{"loc":{"start":{"line":283,"column":4},"end":{"line":285,"column":5}},"type":"if","locations":[{"start":{"line":283,"column":4},"end":{"line":285,"column":5}},{"start":{},"end":{}}],"line":283},"26":{"loc":{"start":{"line":309,"column":4},"end":{"line":311,"column":5}},"type":"if","locations":[{"start":{"line":309,"column":4},"end":{"line":311,"column":5}},{"start":{},"end":{}}],"line":309},"27":{"loc":{"start":{"line":313,"column":4},"end":{"line":315,"column":5}},"type":"if","locations":[{"start":{"line":313,"column":4},"end":{"line":315,"column":5}},{"start":{},"end":{}}],"line":313},"28":{"loc":{"start":{"line":319,"column":4},"end":{"line":321,"column":5}},"type":"if","locations":[{"start":{"line":319,"column":4},"end":{"line":321,"column":5}},{"start":{},"end":{}}],"line":319},"29":{"loc":{"start":{"line":338,"column":4},"end":{"line":340,"column":5}},"type":"if","locations":[{"start":{"line":338,"column":4},"end":{"line":340,"column":5}},{"start":{},"end":{}}],"line":338},"30":{"loc":{"start":{"line":342,"column":4},"end":{"line":344,"column":5}},"type":"if","locations":[{"start":{"line":342,"column":4},"end":{"line":344,"column":5}},{"start":{},"end":{}}],"line":342},"31":{"loc":{"start":{"line":366,"column":4},"end":{"line":368,"column":5}},"type":"if","locations":[{"start":{"line":366,"column":4},"end":{"line":368,"column":5}},{"start":{},"end":{}}],"line":366},"32":{"loc":{"start":{"line":370,"column":4},"end":{"line":372,"column":5}},"type":"if","locations":[{"start":{"line":370,"column":4},"end":{"line":372,"column":5}},{"start":{},"end":{}}],"line":370},"33":{"loc":{"start":{"line":381,"column":4},"end":{"line":383,"column":5}},"type":"if","locations":[{"start":{"line":381,"column":4},"end":{"line":383,"column":5}},{"start":{},"end":{}}],"line":381},"34":{"loc":{"start":{"line":386,"column":4},"end":{"line":391,"column":5}},"type":"if","locations":[{"start":{"line":386,"column":4},"end":{"line":391,"column":5}},{"start":{},"end":{}}],"line":386},"35":{"loc":{"start":{"line":386,"column":8},"end":{"line":386,"column":44}},"type":"binary-expr","locations":[{"start":{"line":386,"column":8},"end":{"line":386,"column":18}},{"start":{"line":386,"column":22},"end":{"line":386,"column":44}}],"line":386},"36":{"loc":{"start":{"line":401,"column":4},"end":{"line":403,"column":5}},"type":"if","locations":[{"start":{"line":401,"column":4},"end":{"line":403,"column":5}},{"start":{},"end":{}}],"line":401},"37":{"loc":{"start":{"line":408,"column":16},"end":{"line":408,"column":29}},"type":"binary-expr","locations":[{"start":{"line":408,"column":16},"end":{"line":408,"column":23}},{"start":{"line":408,"column":27},"end":{"line":408,"column":29}}],"line":408},"38":{"loc":{"start":{"line":416,"column":4},"end":{"line":418,"column":5}},"type":"if","locations":[{"start":{"line":416,"column":4},"end":{"line":418,"column":5}},{"start":{},"end":{}}],"line":416},"39":{"loc":{"start":{"line":445,"column":4},"end":{"line":447,"column":5}},"type":"if","locations":[{"start":{"line":445,"column":4},"end":{"line":447,"column":5}},{"start":{},"end":{}}],"line":445},"40":{"loc":{"start":{"line":449,"column":4},"end":{"line":451,"column":5}},"type":"if","locations":[{"start":{"line":449,"column":4},"end":{"line":451,"column":5}},{"start":{},"end":{}}],"line":449},"41":{"loc":{"start":{"line":468,"column":4},"end":{"line":470,"column":5}},"type":"if","locations":[{"start":{"line":468,"column":4},"end":{"line":470,"column":5}},{"start":{},"end":{}}],"line":468},"42":{"loc":{"start":{"line":472,"column":4},"end":{"line":474,"column":5}},"type":"if","locations":[{"start":{"line":472,"column":4},"end":{"line":474,"column":5}},{"start":{},"end":{}}],"line":472},"43":{"loc":{"start":{"line":497,"column":4},"end":{"line":499,"column":5}},"type":"if","locations":[{"start":{"line":497,"column":4},"end":{"line":499,"column":5}},{"start":{},"end":{}}],"line":497},"44":{"loc":{"start":{"line":501,"column":4},"end":{"line":503,"column":5}},"type":"if","locations":[{"start":{"line":501,"column":4},"end":{"line":503,"column":5}},{"start":{},"end":{}}],"line":501},"45":{"loc":{"start":{"line":507,"column":4},"end":{"line":509,"column":5}},"type":"if","locations":[{"start":{"line":507,"column":4},"end":{"line":509,"column":5}},{"start":{},"end":{}}],"line":507}},"s":{"0":0,"1":0,"2":0,"3":0,"4":0,"5":0,"6":0,"7":0,"8":0,"9":0,"10":0,"11":0,"12":0,"13":0,"14":0,"15":0,"16":0,"17":0,"18":0,"19":0,"20":0,"21":0,"22":0,"23":0,"24":0,"25":0,"26":0,"27":0,"28":0,"29":0,"30":0,"31":0,"32":0,"33":0,"34":0,"35":0,"36":0,"37":0,"38":0,"39":0,"40":0,"41":0,"42":0,"43":0,"44":0,"45":0,"46":0,"47":0,"48":0,"49":0,"50":0,"51":0,"52":0,"53":0,"54":0,"55":0,"56":0,"57":0,"58":0,"59":0,"60":0,"61":0,"62":0,"63":0,"64":0,"65":0,"66":0,"67":0,"68":0,"69":0,"70":0,"71":0,"72":0,"73":0,"74":0,"75":0,"76":0,"77":0,"78":0,"79":15,"80":15,"81":13,"82":3,"83":10,"84":2,"85":8,"86":7,"87":5,"88":2,"89":8,"90":8,"91":6,"92":4,"93":6,"94":4,"95":2,"96":13,"97":13,"98":11,"99":1,"100":10,"101":1,"102":9,"103":9,"104":1,"105":8,"106":2,"107":6,"108":16,"109":6,"110":6,"111":1,"112":5,"113":13,"114":45,"115":5,"116":6,"117":4,"118":2,"119":12,"120":12,"121":127,"122":12,"123":10,"124":119,"125":9,"126":2,"127":5,"128":2,"129":3,"130":10,"131":10,"132":8,"133":4,"134":6,"135":4,"136":2,"137":16,"138":16,"139":14,"140":3,"141":11,"142":2,"143":9,"144":7,"145":5,"146":2},"f":{"0":0,"1":0,"2":0,"3":0,"4":0,"5":0,"6":0,"7":0,"8":0,"9":15,"10":8,"11":13,"12":16,"13":13,"14":45,"15":12,"16":127,"17":119,"18":10,"19":16},"b":{"0":[0,0],"1":[0,0],"2":[0,0],"3":[0,0],"4":[0,0],"5":[0,0],"6":[0,0],"7":[0,0],"8":[0,0],"9":[0,0],"10":[0,0],"11":[0,0],"12":[0,0],"13":[0,0],"14":[0,0],"15":[0,0],"16":[0,0],"17":[0,0],"18":[0,0],"19":[0,0],"20":[0,0],"21":[0,0],"22":[0,0],"23":[0,0],"24":[0,0],"25":[0,0],"26":[3,10],"27":[2,8],"28":[5,2],"29":[4,2],"30":[4,2],"31":[1,10],"32":[1,9],"33":[1,8],"34":[2,6],"35":[8,7],"36":[1,5],"37":[13,3],"38":[4,2],"39":[2,7],"40":[2,3],"41":[4,4],"42":[4,2],"43":[3,11],"44":[2,9],"45":[5,2]},"_coverageSchema":"1a1c01bbd47fc00a2c39e90264f33305004495a9","hash":"82e0394d34b4c57e69668f0c97271928204bb622"}
}
