TN:
SF:src\components\shared\DeadlineManager\DeadlineManager.tsx
FN:40,(anonymous_0)
FN:54,(anonymous_1)
FN:64,(anonymous_2)
FN:74,(anonymous_3)
FN:94,(anonymous_4)
FN:118,(anonymous_5)
FNF:6
FNH:2
FNDA:2,(anonymous_0)
FNDA:0,(anonymous_1)
FNDA:0,(anonymous_2)
FNDA:4,(anonymous_3)
FNDA:0,(anonymous_4)
FNDA:0,(anonymous_5)
DA:40,1
DA:48,2
DA:49,2
DA:51,2
DA:52,2
DA:54,2
DA:55,0
DA:56,0
DA:59,0
DA:60,0
DA:64,2
DA:65,0
DA:66,0
DA:69,0
DA:70,0
DA:74,2
DA:75,4
DA:77,0
DA:78,0
DA:79,0
DA:80,0
DA:81,0
DA:82,0
DA:84,0
DA:87,2
DA:94,0
DA:118,0
DA:174,1
LF:28
LH:11
BRDA:51,0,0,0
BRDA:51,0,1,2
BRDA:52,1,0,0
BRDA:52,1,1,2
BRDA:55,2,0,0
BRDA:55,2,1,0
BRDA:59,3,0,0
BRDA:59,3,1,0
BRDA:65,4,0,0
BRDA:65,4,1,0
BRDA:69,5,0,0
BRDA:69,5,1,0
BRDA:75,6,0,4
BRDA:75,6,1,0
BRDA:93,7,0,2
BRDA:93,7,1,2
BRDA:100,8,0,0
BRDA:100,8,1,2
BRDA:105,9,0,2
BRDA:105,9,1,2
BRDA:117,10,0,2
BRDA:117,10,1,2
BRDA:124,11,0,0
BRDA:124,11,1,2
BRDA:129,12,0,2
BRDA:129,12,1,2
BRDA:138,13,0,2
BRDA:138,13,1,1
BRDA:146,14,0,2
BRDA:146,14,1,0
BRDA:150,15,0,0
BRDA:150,15,1,0
BRDA:156,16,0,2
BRDA:156,16,1,0
BRDA:160,17,0,0
BRDA:160,17,1,0
BRDA:163,18,0,0
BRDA:163,18,1,0
BRF:38
BRH:17
end_of_record
TN:
SF:src\components\shared\DeadlineManager\index.ts
FNF:0
FNH:0
LF:0
LH:0
BRF:0
BRH:0
end_of_record
TN:
SF:src\components\shared\QuestionCard\QuestionCard.tsx
FN:66,(anonymous_0)
FN:100,(anonymous_1)
FN:107,(anonymous_2)
FN:117,(anonymous_3)
FN:133,(anonymous_4)
FN:155,(anonymous_5)
FN:173,(anonymous_6)
FN:193,(anonymous_7)
FN:206,(anonymous_8)
FN:212,(anonymous_9)
FN:234,(anonymous_10)
FN:245,(anonymous_11)
FNF:12
FNH:2
FNDA:5,(anonymous_0)
FNDA:0,(anonymous_1)
FNDA:0,(anonymous_2)
FNDA:0,(anonymous_3)
FNDA:0,(anonymous_4)
FNDA:0,(anonymous_5)
FNDA:0,(anonymous_6)
FNDA:0,(anonymous_7)
FNDA:6,(anonymous_8)
FNDA:0,(anonymous_9)
FNDA:0,(anonymous_10)
FNDA:0,(anonymous_11)
DA:66,1
DA:81,5
DA:83,5
DA:100,0
DA:107,0
DA:117,0
DA:133,0
DA:155,0
DA:174,0
DA:175,0
DA:193,0
DA:207,6
DA:212,0
DA:234,0
DA:245,0
DA:273,1
LF:16
LH:5
BRDA:79,0,0,5
BRDA:81,1,0,5
BRDA:81,1,1,2
BRDA:94,2,0,5
BRDA:94,2,1,1
BRDA:96,3,0,1
BRDA:96,3,1,1
BRDA:96,3,2,0
BRDA:114,4,0,1
BRDA:114,4,1,0
BRDA:128,5,0,0
BRDA:128,5,1,5
BRDA:128,6,0,5
BRDA:128,6,1,1
BRDA:140,7,0,5
BRDA:140,7,1,3
BRDA:141,8,0,5
BRDA:141,8,1,1
BRDA:142,9,0,5
BRDA:142,9,1,1
BRDA:150,10,0,0
BRDA:150,10,1,5
BRDA:150,11,0,5
BRDA:150,11,1,1
BRDA:168,12,0,0
BRDA:168,12,1,5
BRDA:168,13,0,5
BRDA:168,13,1,1
BRDA:174,14,0,0
BRDA:174,14,1,0
BRDA:186,15,0,5
BRDA:186,15,1,4
BRDA:190,16,0,4
BRDA:190,16,1,1
BRDA:190,16,2,0
BRDA:202,17,0,1
BRDA:202,17,1,3
BRDA:209,18,0,0
BRDA:209,18,1,6
BRDA:209,19,0,6
BRDA:209,19,1,0
BRDA:216,20,0,0
BRDA:216,20,1,0
BRDA:218,21,0,0
BRDA:218,21,1,0
BRDA:223,22,0,3
BRDA:223,22,1,3
BRDA:225,23,0,3
BRDA:225,23,1,3
BRDA:229,24,0,0
BRDA:229,24,1,6
BRDA:229,25,0,6
BRDA:229,25,1,0
BRDA:242,26,0,6
BRDA:242,26,1,0
BRDA:242,26,2,0
BRDA:259,27,0,5
BRDA:259,27,1,1
BRDA:259,27,2,1
BRF:59
BRH:41
end_of_record
TN:
SF:src\components\shared\QuestionCard\index.ts
FNF:0
FNH:0
LF:0
LH:0
BRF:0
BRH:0
end_of_record
TN:
SF:src\components\shared\QuestionTypeSelector\QuestionTypeSelector.tsx
FN:49,(anonymous_0)
FN:57,(anonymous_1)
FN:65,(anonymous_2)
FNF:3
FNH:3
FNDA:5,(anonymous_0)
FNDA:15,(anonymous_1)
FNDA:1,(anonymous_2)
DA:37,2
DA:43,2
DA:49,2
DA:55,5
DA:58,15
DA:65,1
DA:88,2
LF:7
LH:7
BRDA:52,0,0,0
BRDA:62,1,0,15
BRDA:62,1,1,5
BRDA:63,2,0,15
BRDA:63,2,1,3
BRDA:65,3,0,1
BRDA:65,3,1,1
BRDA:72,4,0,15
BRDA:72,4,1,5
BRDA:73,5,0,15
BRDA:73,5,1,3
BRF:11
BRH:10
end_of_record
TN:
SF:src\components\shared\QuestionTypeSelector\index.ts
FNF:0
FNH:0
LF:0
LH:0
BRF:0
BRH:0
end_of_record
TN:
SF:src\screens\teacher\QuizEditorScreen.tsx
FN:52,questionReducer
FN:64,(anonymous_1)
FN:71,(anonymous_2)
FN:77,(anonymous_3)
FN:84,(anonymous_4)
FN:88,(anonymous_5)
FN:98,(anonymous_6)
FN:100,(anonymous_7)
FN:113,QuizEditorScreen
FN:126,(anonymous_9)
FN:130,(anonymous_10)
FN:151,(anonymous_11)
FN:177,(anonymous_12)
FN:186,(anonymous_13)
FN:200,(anonymous_14)
FN:212,(anonymous_15)
FN:227,(anonymous_16)
FN:243,(anonymous_17)
FN:244,(anonymous_18)
FN:256,(anonymous_19)
FN:265,(anonymous_20)
FN:279,(anonymous_21)
FN:281,(anonymous_22)
FN:303,(anonymous_23)
FN:306,(anonymous_24)
FN:306,(anonymous_25)
FN:320,(anonymous_26)
FN:323,(anonymous_27)
FN:323,(anonymous_28)
FN:326,(anonymous_29)
FN:365,(anonymous_30)
FN:367,(anonymous_31)
FN:367,(anonymous_32)
FN:388,(anonymous_33)
FN:396,(anonymous_34)
FN:415,(anonymous_35)
FN:426,(anonymous_36)
FN:446,(anonymous_37)
FN:468,(anonymous_38)
FN:504,(anonymous_39)
FN:544,(anonymous_40)
FN:550,(anonymous_41)
FN:590,(anonymous_42)
FNF:43
FNH:0
FNDA:0,questionReducer
FNDA:0,(anonymous_1)
FNDA:0,(anonymous_2)
FNDA:0,(anonymous_3)
FNDA:0,(anonymous_4)
FNDA:0,(anonymous_5)
FNDA:0,(anonymous_6)
FNDA:0,(anonymous_7)
FNDA:0,QuizEditorScreen
FNDA:0,(anonymous_9)
FNDA:0,(anonymous_10)
FNDA:0,(anonymous_11)
FNDA:0,(anonymous_12)
FNDA:0,(anonymous_13)
FNDA:0,(anonymous_14)
FNDA:0,(anonymous_15)
FNDA:0,(anonymous_16)
FNDA:0,(anonymous_17)
FNDA:0,(anonymous_18)
FNDA:0,(anonymous_19)
FNDA:0,(anonymous_20)
FNDA:0,(anonymous_21)
FNDA:0,(anonymous_22)
FNDA:0,(anonymous_23)
FNDA:0,(anonymous_24)
FNDA:0,(anonymous_25)
FNDA:0,(anonymous_26)
FNDA:0,(anonymous_27)
FNDA:0,(anonymous_28)
FNDA:0,(anonymous_29)
FNDA:0,(anonymous_30)
FNDA:0,(anonymous_31)
FNDA:0,(anonymous_32)
FNDA:0,(anonymous_33)
FNDA:0,(anonymous_34)
FNDA:0,(anonymous_35)
FNDA:0,(anonymous_36)
FNDA:0,(anonymous_37)
FNDA:0,(anonymous_38)
FNDA:0,(anonymous_39)
FNDA:0,(anonymous_40)
FNDA:0,(anonymous_41)
FNDA:0,(anonymous_42)
DA:56,0
DA:58,0
DA:61,0
DA:64,0
DA:65,0
DA:71,0
DA:74,0
DA:77,0
DA:78,0
DA:84,0
DA:85,0
DA:89,0
DA:98,0
DA:99,0
DA:100,0
DA:105,0
DA:114,0
DA:116,0
DA:117,0
DA:118,0
DA:119,0
DA:120,0
DA:126,0
DA:127,0
DA:130,0
DA:131,0
DA:132,0
DA:133,0
DA:135,0
DA:136,0
DA:137,0
DA:139,0
DA:140,0
DA:141,0
DA:143,0
DA:151,0
DA:152,0
DA:153,0
DA:155,0
DA:163,0
DA:168,0
DA:169,0
DA:177,0
DA:178,0
DA:187,0
DA:188,0
DA:189,0
DA:191,0
DA:192,0
DA:200,0
DA:201,0
DA:202,0
DA:203,0
DA:208,0
DA:212,0
DA:216,0
DA:217,0
DA:218,0
DA:223,0
DA:227,0
DA:228,0
DA:229,0
DA:230,0
DA:235,0
DA:243,0
DA:244,0
DA:245,0
DA:247,0
DA:248,0
DA:251,0
DA:252,0
DA:256,0
DA:261,0
DA:263,0
DA:264,0
DA:265,0
DA:268,0
DA:269,0
DA:271,0
DA:279,0
DA:280,0
DA:281,0
DA:282,0
DA:284,0
DA:286,0
DA:293,0
DA:298,0
DA:299,0
DA:303,0
DA:304,0
DA:306,0
DA:307,0
DA:309,0
DA:310,0
DA:315,0
DA:316,0
DA:320,0
DA:321,0
DA:323,0
DA:324,0
DA:326,0
DA:327,0
DA:329,0
DA:332,0
DA:334,0
DA:335,0
DA:336,0
DA:337,0
DA:350,0
DA:351,0
DA:360,0
DA:361,0
DA:365,0
DA:366,0
DA:367,0
DA:368,0
DA:370,0
DA:371,0
DA:380,0
DA:388,0
DA:389,0
DA:391,0
DA:392,0
DA:393,0
DA:396,0
DA:397,0
DA:400,0
DA:401,0
DA:405,0
DA:406,0
DA:410,0
DA:411,0
DA:412,0
DA:415,0
DA:417,0
DA:418,0
DA:421,0
DA:422,0
DA:426,0
DA:427,0
DA:428,0
DA:434,0
DA:435,0
DA:439,0
DA:446,0
DA:447,0
DA:449,0
DA:450,0
DA:455,0
DA:458,0
DA:459,0
DA:462,0
DA:468,0
DA:473,0
DA:474,0
DA:476,0
DA:484,0
DA:485,0
DA:495,0
DA:496,0
DA:504,0
DA:514,0
DA:545,0
DA:550,0
DA:590,0
DA:605,0
LF:166
LH:0
BRDA:56,0,0,0
BRDA:56,0,1,0
BRDA:56,0,2,0
BRDA:56,0,3,0
BRDA:56,0,4,0
BRDA:56,0,5,0
BRDA:56,0,6,0
BRDA:56,0,7,0
BRDA:56,0,8,0
BRDA:65,1,0,0
BRDA:65,1,1,0
BRDA:78,2,0,0
BRDA:78,2,1,0
BRDA:85,3,0,0
BRDA:85,3,1,0
BRDA:89,4,0,0
BRDA:89,4,1,0
BRDA:99,5,0,0
BRDA:99,5,1,0
BRDA:139,6,0,0
BRDA:139,6,1,0
BRDA:168,7,0,0
BRDA:168,7,1,0
BRDA:191,8,0,0
BRDA:191,8,1,0
BRDA:245,9,0,0
BRDA:245,9,1,0
BRDA:247,10,0,0
BRDA:247,10,1,0
BRDA:248,11,0,0
BRDA:248,11,1,0
BRDA:248,12,0,0
BRDA:248,12,1,0
BRDA:268,13,0,0
BRDA:268,13,1,0
BRDA:282,14,0,0
BRDA:282,14,1,0
BRDA:298,15,0,0
BRDA:298,15,1,0
BRDA:307,16,0,0
BRDA:307,16,1,0
BRDA:315,17,0,0
BRDA:315,17,1,0
BRDA:324,18,0,0
BRDA:324,18,1,0
BRDA:327,19,0,0
BRDA:327,19,1,0
BRDA:332,20,0,0
BRDA:332,20,1,0
BRDA:332,21,0,0
BRDA:332,21,1,0
BRDA:335,22,0,0
BRDA:335,22,1,0
BRDA:335,23,0,0
BRDA:335,23,1,0
BRDA:360,24,0,0
BRDA:360,24,1,0
BRDA:368,25,0,0
BRDA:368,25,1,0
BRDA:391,26,0,0
BRDA:391,26,1,0
BRDA:400,27,0,0
BRDA:400,27,1,0
BRDA:405,28,0,0
BRDA:405,28,1,0
BRDA:410,29,0,0
BRDA:410,29,1,0
BRDA:410,30,0,0
BRDA:410,30,1,0
BRDA:411,31,0,0
BRDA:411,31,1,0
BRDA:417,32,0,0
BRDA:417,32,1,0
BRDA:417,33,0,0
BRDA:417,33,1,0
BRDA:421,34,0,0
BRDA:421,34,1,0
BRDA:421,35,0,0
BRDA:421,35,1,0
BRDA:427,36,0,0
BRDA:427,36,1,0
BRDA:434,37,0,0
BRDA:434,37,1,0
BRDA:434,38,0,0
BRDA:434,38,1,0
BRDA:449,39,0,0
BRDA:449,39,1,0
BRDA:473,40,0,0
BRDA:473,40,1,0
BRDA:484,41,0,0
BRDA:484,41,1,0
BRDA:495,42,0,0
BRDA:495,42,1,0
BRDA:495,43,0,0
BRDA:495,43,1,0
BRDA:535,44,0,0
BRDA:535,44,1,0
BRF:97
BRH:0
end_of_record
TN:
SF:src\services\supabase\quizzes.ts
FN:33,getClassQuizzes
FN:60,getTeacherQuizzes
FN:90,createQuiz
FN:122,updateQuiz
FN:156,deleteQuiz
FN:180,getQuizQuestions
FN:207,createQuestion
FN:238,getQuestionOptions
FN:265,createOption
FN:297,updateOption
FN:331,deleteOption
FN:355,getQuizWithQuestions
FN:394,(anonymous_12)
FN:406,(anonymous_13)
FN:408,(anonymous_14)
FN:429,updateQuestionOrder
FN:434,(anonymous_16)
FN:444,(anonymous_17)
FN:461,deleteQuestion
FN:485,updateQuestion
FNF:20
FNH:11
FNDA:0,getClassQuizzes
FNDA:0,getTeacherQuizzes
FNDA:0,createQuiz
FNDA:0,updateQuiz
FNDA:0,deleteQuiz
FNDA:0,getQuizQuestions
FNDA:0,createQuestion
FNDA:0,getQuestionOptions
FNDA:0,createOption
FNDA:15,updateOption
FNDA:8,deleteOption
FNDA:13,getQuizWithQuestions
FNDA:16,(anonymous_12)
FNDA:13,(anonymous_13)
FNDA:45,(anonymous_14)
FNDA:12,updateQuestionOrder
FNDA:127,(anonymous_16)
FNDA:119,(anonymous_17)
FNDA:10,deleteQuestion
FNDA:16,updateQuestion
DA:34,0
DA:35,0
DA:41,0
DA:42,0
DA:45,0
DA:47,0
DA:48,0
DA:50,0
DA:61,0
DA:62,0
DA:71,0
DA:72,0
DA:75,0
DA:77,0
DA:78,0
DA:80,0
DA:91,0
DA:92,0
DA:98,0
DA:99,0
DA:102,0
DA:103,0
DA:106,0
DA:108,0
DA:109,0
DA:111,0
DA:126,0
DA:127,0
DA:134,0
DA:135,0
DA:138,0
DA:139,0
DA:142,0
DA:144,0
DA:145,0
DA:147,0
DA:157,0
DA:158,0
DA:163,0
DA:164,0
DA:167,0
DA:168,0
DA:170,0
DA:181,0
DA:182,0
DA:188,0
DA:189,0
DA:192,0
DA:194,0
DA:195,0
DA:197,0
DA:208,0
DA:209,0
DA:215,0
DA:216,0
DA:219,0
DA:220,0
DA:223,0
DA:225,0
DA:226,0
DA:228,0
DA:239,0
DA:240,0
DA:246,0
DA:247,0
DA:250,0
DA:252,0
DA:253,0
DA:255,0
DA:266,0
DA:267,0
DA:273,0
DA:274,0
DA:277,0
DA:278,0
DA:281,0
DA:283,0
DA:284,0
DA:286,0
DA:301,15
DA:302,15
DA:309,13
DA:310,3
DA:313,10
DA:314,2
DA:317,8
DA:319,7
DA:320,5
DA:322,2
DA:332,8
DA:333,8
DA:338,6
DA:339,4
DA:342,6
DA:343,4
DA:345,2
DA:358,13
DA:360,13
DA:366,11
DA:367,1
DA:370,10
DA:371,1
DA:375,9
DA:381,9
DA:382,1
DA:386,8
DA:387,2
DA:394,16
DA:395,6
DA:401,6
DA:402,1
DA:406,13
DA:408,45
DA:411,5
DA:416,6
DA:417,4
DA:419,2
DA:432,12
DA:434,12
DA:435,127
DA:441,12
DA:444,119
DA:445,9
DA:446,2
DA:449,5
DA:450,2
DA:452,3
DA:462,10
DA:463,10
DA:468,8
DA:469,4
DA:472,6
DA:473,4
DA:475,2
DA:489,16
DA:490,16
DA:497,14
DA:498,3
DA:501,11
DA:502,2
DA:505,9
DA:507,7
DA:508,5
DA:510,2
LF:144
LH:65
BRDA:41,0,0,0
BRDA:41,0,1,0
BRDA:45,1,0,0
BRDA:45,1,1,0
BRDA:47,2,0,0
BRDA:47,2,1,0
BRDA:71,3,0,0
BRDA:71,3,1,0
BRDA:75,4,0,0
BRDA:75,4,1,0
BRDA:77,5,0,0
BRDA:77,5,1,0
BRDA:98,6,0,0
BRDA:98,6,1,0
BRDA:102,7,0,0
BRDA:102,7,1,0
BRDA:108,8,0,0
BRDA:108,8,1,0
BRDA:134,9,0,0
BRDA:134,9,1,0
BRDA:138,10,0,0
BRDA:138,10,1,0
BRDA:144,11,0,0
BRDA:144,11,1,0
BRDA:163,12,0,0
BRDA:163,12,1,0
BRDA:167,13,0,0
BRDA:167,13,1,0
BRDA:188,14,0,0
BRDA:188,14,1,0
BRDA:192,15,0,0
BRDA:192,15,1,0
BRDA:194,16,0,0
BRDA:194,16,1,0
BRDA:215,17,0,0
BRDA:215,17,1,0
BRDA:219,18,0,0
BRDA:219,18,1,0
BRDA:225,19,0,0
BRDA:225,19,1,0
BRDA:246,20,0,0
BRDA:246,20,1,0
BRDA:250,21,0,0
BRDA:250,21,1,0
BRDA:252,22,0,0
BRDA:252,22,1,0
BRDA:273,23,0,0
BRDA:273,23,1,0
BRDA:277,24,0,0
BRDA:277,24,1,0
BRDA:283,25,0,0
BRDA:283,25,1,0
BRDA:309,26,0,3
BRDA:309,26,1,10
BRDA:313,27,0,2
BRDA:313,27,1,8
BRDA:319,28,0,5
BRDA:319,28,1,2
BRDA:338,29,0,4
BRDA:338,29,1,2
BRDA:342,30,0,4
BRDA:342,30,1,2
BRDA:366,31,0,1
BRDA:366,31,1,10
BRDA:370,32,0,1
BRDA:370,32,1,9
BRDA:381,33,0,1
BRDA:381,33,1,8
BRDA:386,34,0,2
BRDA:386,34,1,6
BRDA:386,35,0,8
BRDA:386,35,1,7
BRDA:401,36,0,1
BRDA:401,36,1,5
BRDA:408,37,0,13
BRDA:408,37,1,3
BRDA:416,38,0,4
BRDA:416,38,1,2
BRDA:445,39,0,2
BRDA:445,39,1,7
BRDA:449,40,0,2
BRDA:449,40,1,3
BRDA:468,41,0,4
BRDA:468,41,1,4
BRDA:472,42,0,4
BRDA:472,42,1,2
BRDA:497,43,0,3
BRDA:497,43,1,11
BRDA:501,44,0,2
BRDA:501,44,1,9
BRDA:507,45,0,5
BRDA:507,45,1,2
BRF:92
BRH:40
end_of_record
